<?xml version="1.0" encoding="UTF-8"?>
<testsuites name="Integration-IA-Contact" time="221.926" tests="2" failures="1" errors="0">
   <testsuite name="Integration-IA-Contact" tests="2" failures="1" errors="0" time="221.926" timestamp="2020-05-20 10:52:14" hostname="nezha.e - DESKTOP-9BRT4J2" id="Test Suites/Integration-IA-Contact">
      <properties>
         <property name="deviceName" value=""/>
         <property name="devicePlatform" value=""/>
         <property name="logFolder" value="C:\\Users\\nezha.e\\Desktop\\Katalon\\Reports\\20200520_105212\\Integration-IA-Contact\\20200520_105212"/>
         <property name="logFiles" value="C:\\Users\\nezha.e\\Desktop\\Katalon\\Reports\\20200520_105212\\Integration-IA-Contact\\20200520_105212\\execution0.log"/>
         <property name="attachments" value="C:\\Users\\nezha.e\\Desktop\\Katalon\\Reports\\20200520_105212\\Integration-IA-Contact\\20200520_105212\\1589972154605.png"/>
         <property name="hostName" value="nezha.e - DESKTOP-9BRT4J2"/>
         <property name="os" value="Windows 10 64bit"/>
         <property name="katalonVersion" value="7.4.0.1"/>
         <property name="browser" value="Chrome 81.0.4044.138"/>
         <property name="hostAddress" value="192.168.0.107"/>
         <property name="sessionId" value="8dbb3257989685f50d7f5783ce961956"/>
         <property name="seleniumVersion" value="3.141.59"/>
         <property name="proxyInformation" value="ProxyInformation{proxyOption=NO_PROXY, proxyServerType=HTTP, password=, proxyServerAddress=, proxyServerPort=0, executionList=}"/>
         <property name="platform" value="Windows 10"/>
      </properties>
      <testcase name="Test Cases/Contact" time="176.107" classname="Test Cases/Contact" status="PASSED">
         <system-out><![CDATA[2020-05-20 10:52:14 - [TEST_CASE][PASSED] - Test Cases/Contact: Test Cases/Contact

2020-05-20 10:52:14 - [TEST_STEP][PASSED] - openBrowser(""): Browser is opened with url: ''

2020-05-20 10:52:14 - [MESSAGE][INFO] - Starting 'Chrome' driver

2020-05-20 10:52:14 - [MESSAGE][INFO] - Action delay is set to 2Â 000 milliseconds

2020-05-20 10:52:19 - [MESSAGE][PASSED] - Browser is opened with url: ''

2020-05-20 10:52:19 - [TEST_STEP][PASSED] - navigateToUrl(URL): Navigate to 'http://p13.demo.iadholding.com' successfully

2020-05-20 10:52:22 - [MESSAGE][PASSED] - Navigate to 'http://p13.demo.iadholding.com' successfully

2020-05-20 10:52:22 - [TEST_STEP][PASSED] - click(findTestObject("Object Repository/CreationContact/Page_Welcome page/button_Accder")): Object: 'Object Repository/CreationContact/Page_Welcome page/button_Accder' is clicked on

2020-05-20 10:52:26 - [MESSAGE][PASSED] - Object: 'Object Repository/CreationContact/Page_Welcome page/button_Accder' is clicked on

2020-05-20 10:52:26 - [TEST_STEP][PASSED] - setText(findTestObject("Object Repository/CreationContact/Page_IAD/input_Identifiant_username"), usernameConseiller): Text '293@iadfrance.fr' is set on object 'Object Repository/CreationContact/Page_IAD/input_Identifiant_username'

2020-05-20 10:52:31 - [MESSAGE][PASSED] - Text '293@iadfrance.fr' is set on object 'Object Repository/CreationContact/Page_IAD/input_Identifiant_username'

2020-05-20 10:52:31 - [TEST_STEP][PASSED] - setEncryptedText(findTestObject("Object Repository/CreationContact/Page_IAD/input_Mot de passe_password"), mp): Text ****** has been set on object 'Object Repository/CreationContact/Page_IAD/input_Mot de passe_password'

2020-05-20 10:52:35 - [MESSAGE][PASSED] - Text ****** has been set on object 'Object Repository/CreationContact/Page_IAD/input_Mot de passe_password'

2020-05-20 10:52:35 - [TEST_STEP][PASSED] - click(findTestObject("Object Repository/CreationContact/Page_IAD/input_Mot de passe_submit")): Object: 'Object Repository/CreationContact/Page_IAD/input_Mot de passe_submit' is clicked on

2020-05-20 10:52:41 - [MESSAGE][PASSED] - Object: 'Object Repository/CreationContact/Page_IAD/input_Mot de passe_submit' is clicked on

2020-05-20 10:52:41 - [TEST_STEP][PASSED] - click(findTestObject("Object Repository/CreationContact/Page_IAD/button_Dmarrer")): Object: 'Object Repository/CreationContact/Page_IAD/button_Dmarrer' is clicked on

2020-05-20 10:52:45 - [MESSAGE][PASSED] - Object: 'Object Repository/CreationContact/Page_IAD/button_Dmarrer' is clicked on

2020-05-20 10:52:45 - [TEST_STEP][PASSED] - click(findTestObject("Object Repository/CreationContact/Page_IAD/div_Quitter")): Object: 'Object Repository/CreationContact/Page_IAD/div_Quitter' is clicked on

2020-05-20 10:52:48 - [MESSAGE][PASSED] - Object: 'Object Repository/CreationContact/Page_IAD/div_Quitter' is clicked on

2020-05-20 10:52:48 - [TEST_STEP][PASSED] - click(findTestObject("Object Repository/CreationContact/Page_IAD/a_Production")): Object: 'Object Repository/CreationContact/Page_IAD/a_Production' is clicked on

2020-05-20 10:52:50 - [MESSAGE][PASSED] - Object: 'Object Repository/CreationContact/Page_IAD/a_Production' is clicked on

2020-05-20 10:52:50 - [TEST_STEP][PASSED] - click(findTestObject("Object Repository/CreationContact/Page_IAD/a_Myiad contacts")): Object: 'Object Repository/CreationContact/Page_IAD/a_Myiad contacts' is clicked on

2020-05-20 10:52:54 - [MESSAGE][PASSED] - Object: 'Object Repository/CreationContact/Page_IAD/a_Myiad contacts' is clicked on

2020-05-20 10:52:54 - [TEST_STEP][PASSED] - click(findTestObject("Object Repository/CreationContact/Page_IAD/button_Crer")): Object: 'Object Repository/CreationContact/Page_IAD/button_Crer' is clicked on

2020-05-20 10:53:02 - [MESSAGE][PASSED] - Object: 'Object Repository/CreationContact/Page_IAD/button_Crer' is clicked on

2020-05-20 10:53:02 - [TEST_STEP][PASSED] - click(findTestObject("Object Repository/CreationContact/Page_IAD/div_Nouveau contact_myiad-avatar")): Object: 'Object Repository/CreationContact/Page_IAD/div_Nouveau contact_myiad-avatar' is clicked on

2020-05-20 10:53:05 - [MESSAGE][PASSED] - Object: 'Object Repository/CreationContact/Page_IAD/div_Nouveau contact_myiad-avatar' is clicked on

2020-05-20 10:53:05 - [TEST_STEP][PASSED] - Seq5 = Math.random() * 9 - 6: null

2020-05-20 10:53:05 - [TEST_STEP][PASSED] - seq55 = Seq5 * 100: null

2020-05-20 10:53:05 - [TEST_STEP][PASSED] - jdcontact = seq55: null

2020-05-20 10:53:05 - [TEST_STEP][PASSED] - jdcont = $jdcontact: null

2020-05-20 10:53:05 - [TEST_STEP][PASSED] - firstname = "test" + jdcont: null

2020-05-20 10:53:05 - [TEST_STEP][PASSED] - println(firstname): null

2020-05-20 10:53:05 - [TEST_STEP][PASSED] - setText(findTestObject("Object Repository/CreationContact/Page_IAD/input_Prnom_firstName"), firstname): Text 'test10' is set on object 'Object Repository/CreationContact/Page_IAD/input_Prnom_firstName'

2020-05-20 10:53:09 - [MESSAGE][PASSED] - Text 'test10' is set on object 'Object Repository/CreationContact/Page_IAD/input_Prnom_firstName'

2020-05-20 10:53:09 - [TEST_STEP][PASSED] - lastname = "test1" + jdcont: null

2020-05-20 10:53:09 - [TEST_STEP][PASSED] - println(lastname): null

2020-05-20 10:53:09 - [TEST_STEP][PASSED] - setText(findTestObject("Object Repository/CreationContact/Page_IAD/input_Nom_lastName"), lastname): Text 'test110' is set on object 'Object Repository/CreationContact/Page_IAD/input_Nom_lastName'

2020-05-20 10:53:14 - [MESSAGE][PASSED] - Text 'test110' is set on object 'Object Repository/CreationContact/Page_IAD/input_Nom_lastName'

2020-05-20 10:53:14 - [TEST_STEP][PASSED] - usedname = "test3" + jdcont: null

2020-05-20 10:53:14 - [TEST_STEP][PASSED] - println(usedname): null

2020-05-20 10:53:14 - [TEST_STEP][PASSED] - setText(findTestObject("Object Repository/CreationContact/Page_IAD/input_concat(Nom d  usage)_usageName"), usedname): Text 'test310' is set on object 'Object Repository/CreationContact/Page_IAD/input_concat(Nom d  usage)_usageName'

2020-05-20 10:53:19 - [MESSAGE][PASSED] - Text 'test310' is set on object 'Object Repository/CreationContact/Page_IAD/input_concat(Nom d  usage)_usageName'

2020-05-20 10:53:19 - [TEST_STEP][PASSED] - jeunefille = "test4" + jdcont: null

2020-05-20 10:53:19 - [TEST_STEP][PASSED] - println(jeunefille): null

2020-05-20 10:53:19 - [TEST_STEP][PASSED] - setText(findTestObject("Object Repository/CreationContact/Page_IAD/input_Nom de jeune fille_birthName"), jeunefille): Text 'test410' is set on object 'Object Repository/CreationContact/Page_IAD/input_Nom de jeune fille_birthName'

2020-05-20 10:53:24 - [MESSAGE][PASSED] - Text 'test410' is set on object 'Object Repository/CreationContact/Page_IAD/input_Nom de jeune fille_birthName'

2020-05-20 10:53:24 - [TEST_STEP][PASSED] - click(findTestObject("Object Repository/CreationContact/Page_IAD/input_Date de naissance_birthDate")): Object: 'Object Repository/CreationContact/Page_IAD/input_Date de naissance_birthDate' is clicked on

2020-05-20 10:53:27 - [MESSAGE][PASSED] - Object: 'Object Repository/CreationContact/Page_IAD/input_Date de naissance_birthDate' is clicked on

2020-05-20 10:53:27 - [TEST_STEP][PASSED] - click(findTestObject("Object Repository/CreationContact/Page_IAD/span_13")): Object: 'Object Repository/CreationContact/Page_IAD/span_13' is clicked on

2020-05-20 10:53:30 - [MESSAGE][PASSED] - Object: 'Object Repository/CreationContact/Page_IAD/span_13' is clicked on

2020-05-20 10:53:30 - [TEST_STEP][PASSED] - datebirth = getAttribute(findTestObject("CreationContact/Page_IAD/input_Date de naissance_birthDate"), "value"): Attribute 'value' of object 'Object Repository/CreationContact/Page_IAD/input_Date de naissance_birthDate' is: '13/05/2020'

2020-05-20 10:53:30 - [MESSAGE][PASSED] - Attribute 'value' of object 'Object Repository/CreationContact/Page_IAD/input_Date de naissance_birthDate' is: '13/05/2020'

2020-05-20 10:53:30 - [TEST_STEP][PASSED] - DateNaissance = datebirth: null

2020-05-20 10:53:30 - [TEST_STEP][PASSED] - println(DateNaissance): null

2020-05-20 10:53:30 - [TEST_STEP][PASSED] - click(findTestObject("Object Repository/CreationContact/Page_IAD/span_Lieu de naissance_btn btn-default form_bf2c5d")): Object: 'Object Repository/CreationContact/Page_IAD/span_Lieu de naissance_btn btn-default form_bf2c5d' is clicked on

2020-05-20 10:53:33 - [MESSAGE][PASSED] - Object: 'Object Repository/CreationContact/Page_IAD/span_Lieu de naissance_btn btn-default form_bf2c5d' is clicked on

2020-05-20 10:53:33 - [TEST_STEP][PASSED] - click(findTestObject("Object Repository/CreationContact/Page_IAD/span_02")): Object: 'Object Repository/CreationContact/Page_IAD/span_02' is clicked on

2020-05-20 10:53:36 - [MESSAGE][PASSED] - Object: 'Object Repository/CreationContact/Page_IAD/span_02' is clicked on

2020-05-20 10:53:36 - [TEST_STEP][PASSED] - lieuBirth = "test5" + jdcont: null

2020-05-20 10:53:36 - [TEST_STEP][PASSED] - println(lieuBirth): null

2020-05-20 10:53:36 - [TEST_STEP][PASSED] - setText(findTestObject("Object Repository/CreationContact/Page_IAD/input_Lieu de naissance_birthPlace"), lieuBirth): Text 'test510' is set on object 'Object Repository/CreationContact/Page_IAD/input_Lieu de naissance_birthPlace'

2020-05-20 10:53:41 - [MESSAGE][PASSED] - Text 'test510' is set on object 'Object Repository/CreationContact/Page_IAD/input_Lieu de naissance_birthPlace'

2020-05-20 10:53:41 - [TEST_STEP][PASSED] - click(findTestObject("Object Repository/CreationContact/Page_IAD/span_Choisir")): Object: 'Object Repository/CreationContact/Page_IAD/span_Choisir' is clicked on

2020-05-20 10:53:44 - [MESSAGE][PASSED] - Object: 'Object Repository/CreationContact/Page_IAD/span_Choisir' is clicked on

2020-05-20 10:53:44 - [TEST_STEP][PASSED] - setText(findTestObject("Object Repository/CreationContact/Page_IAD/input_Choisir_form-control ui-select-search_780576"), "France"): Text 'France' is set on object 'Object Repository/CreationContact/Page_IAD/input_Choisir_form-control ui-select-search_780576'

2020-05-20 10:53:50 - [MESSAGE][PASSED] - Text 'France' is set on object 'Object Repository/CreationContact/Page_IAD/input_Choisir_form-control ui-select-search_780576'

2020-05-20 10:53:50 - [TEST_STEP][PASSED] - pays1 = getText(findTestObject("CreationContact/Page_IAD/span_FRANCE")): Text of object 'Object Repository/CreationContact/Page_IAD/span_FRANCE' is: ''

2020-05-20 10:53:50 - [MESSAGE][PASSED] - Text of object 'Object Repository/CreationContact/Page_IAD/span_FRANCE' is: ''

2020-05-20 10:53:50 - [TEST_STEP][PASSED] - pays = pays1: null

2020-05-20 10:53:50 - [TEST_STEP][PASSED] - println(pays): null

2020-05-20 10:53:50 - [TEST_STEP][PASSED] - click(findTestObject("CreationContact/Page_IAD/span_FRANCE")): Object: 'Object Repository/CreationContact/Page_IAD/span_FRANCE' is clicked on

2020-05-20 10:53:53 - [MESSAGE][PASSED] - Object: 'Object Repository/CreationContact/Page_IAD/span_FRANCE' is clicked on

2020-05-20 10:53:53 - [TEST_STEP][PASSED] - profession = "test8" + jdcont: null

2020-05-20 10:53:53 - [TEST_STEP][PASSED] - setText(findTestObject("Object Repository/CreationContact/Page_IAD/input_Profession_job"), profession): Text 'test810' is set on object 'Object Repository/CreationContact/Page_IAD/input_Profession_job'

2020-05-20 10:53:57 - [MESSAGE][PASSED] - Text 'test810' is set on object 'Object Repository/CreationContact/Page_IAD/input_Profession_job'

2020-05-20 10:53:57 - [TEST_STEP][PASSED] - click(findTestObject("Object Repository/CreationContact/Page_IAD/span_Contact  Adresse")): Object: 'Object Repository/CreationContact/Page_IAD/span_Contact  Adresse' is clicked on

2020-05-20 10:54:00 - [MESSAGE][PASSED] - Object: 'Object Repository/CreationContact/Page_IAD/span_Contact  Adresse' is clicked on

2020-05-20 10:54:00 - [TEST_STEP][PASSED] - Seqphone = Math.random() * 9 - 6: null

2020-05-20 10:54:00 - [TEST_STEP][PASSED] - ifseq = Seqphone: null

2020-05-20 10:54:00 - [TEST_STEP][PASSED] - if (ifseq == 0): null

2020-05-20 10:54:00 - [TEST_STEP][PASSED] - else: null

2020-05-20 10:54:00 - [TEST_STEP][PASSED] - phoneseq1 = Seqphone * 10000000: null

2020-05-20 10:54:00 - [TEST_STEP][PASSED] - phone = phoneseq1: null

2020-05-20 10:54:00 - [TEST_STEP][PASSED] - println(phone): null

2020-05-20 10:54:00 - [TEST_STEP][PASSED] - phone1 = "06" + phone: null

2020-05-20 10:54:00 - [TEST_STEP][PASSED] - println(phone1): null

2020-05-20 10:54:00 - [TEST_STEP][PASSED] - setText(findTestObject("Object Repository/CreationContact/Page_IAD/input_Tlphone_phone2"), phone1): Text '0621323095' is set on object 'Object Repository/CreationContact/Page_IAD/input_Tlphone_phone2'

2020-05-20 10:54:05 - [MESSAGE][PASSED] - Text '0621323095' is set on object 'Object Repository/CreationContact/Page_IAD/input_Tlphone_phone2'

2020-05-20 10:54:05 - [TEST_STEP][PASSED] - click(findTestObject("Object Repository/CreationContact/Page_IAD/span_Ajouter un tlphone_fa fa-plus")): Object: 'Object Repository/CreationContact/Page_IAD/span_Ajouter un tlphone_fa fa-plus' is clicked on

2020-05-20 10:54:08 - [MESSAGE][PASSED] - Object: 'Object Repository/CreationContact/Page_IAD/span_Ajouter un tlphone_fa fa-plus' is clicked on

2020-05-20 10:54:08 - [TEST_STEP][PASSED] - phone2 = "01" + phone: null

2020-05-20 10:54:08 - [TEST_STEP][PASSED] - println(phone2): null

2020-05-20 10:54:08 - [TEST_STEP][PASSED] - setText(findTestObject("Object Repository/CreationContact/Page_IAD/input_Tlphone_phone4"), phone2): Text '0121323095' is set on object 'Object Repository/CreationContact/Page_IAD/input_Tlphone_phone4'

2020-05-20 10:54:13 - [MESSAGE][PASSED] - Text '0121323095' is set on object 'Object Repository/CreationContact/Page_IAD/input_Tlphone_phone4'

2020-05-20 10:54:13 - [TEST_STEP][PASSED] - email1 = "test6." + phone + "@gmail.com": null

2020-05-20 10:54:13 - [TEST_STEP][PASSED] - println(email1): null

2020-05-20 10:54:13 - [TEST_STEP][PASSED] - setText(findTestObject("Object Repository/CreationContact/Page_IAD/input_E-mail personnel_emailPersonal-3"), email1): Text 'test6.21323095@gmail.com' is set on object 'Object Repository/CreationContact/Page_IAD/input_E-mail personnel_emailPersonal-3'

2020-05-20 10:54:18 - [MESSAGE][PASSED] - Text 'test6.21323095@gmail.com' is set on object 'Object Repository/CreationContact/Page_IAD/input_E-mail personnel_emailPersonal-3'

2020-05-20 10:54:18 - [TEST_STEP][PASSED] - click(findTestObject("CreationContact/Page_IAD/button_Ajouter un email_btn btn-primary btn-add")): Object: 'Object Repository/CreationContact/Page_IAD/button_Ajouter un email_btn btn-primary btn-add' is clicked on

2020-05-20 10:54:21 - [MESSAGE][PASSED] - Object: 'Object Repository/CreationContact/Page_IAD/button_Ajouter un email_btn btn-primary btn-add' is clicked on

2020-05-20 10:54:21 - [TEST_STEP][PASSED] - email2 = "test7." + phone + "@gmail.com": null

2020-05-20 10:54:21 - [TEST_STEP][PASSED] - println(email2): null

2020-05-20 10:54:21 - [TEST_STEP][PASSED] - setText(findTestObject("Object Repository/CreationContact/Page_IAD/input_E-mail personnel_emailPersonal-5"), email2): Text 'test7.21323095@gmail.com' is set on object 'Object Repository/CreationContact/Page_IAD/input_E-mail personnel_emailPersonal-5'

2020-05-20 10:54:26 - [MESSAGE][PASSED] - Text 'test7.21323095@gmail.com' is set on object 'Object Repository/CreationContact/Page_IAD/input_E-mail personnel_emailPersonal-5'

2020-05-20 10:54:26 - [TEST_STEP][PASSED] - click(findTestObject("CreationContact/Page_Welcome page/Page_IAD/span_FRANCE")): Object: 'Object Repository/CreationContact/Page_Welcome page/Page_IAD/span_FRANCE' is clicked on

2020-05-20 10:54:29 - [MESSAGE][PASSED] - Object: 'Object Repository/CreationContact/Page_Welcome page/Page_IAD/span_FRANCE' is clicked on

2020-05-20 10:54:29 - [TEST_STEP][PASSED] - setText(findTestObject("CreationContact/Page_IAD/input_FRANCE_form-control ui-select-search _8034ae"), "France"): Text 'France' is set on object 'Object Repository/CreationContact/Page_IAD/input_FRANCE_form-control ui-select-search _8034ae'

2020-05-20 10:54:34 - [MESSAGE][PASSED] - Text 'France' is set on object 'Object Repository/CreationContact/Page_IAD/input_FRANCE_form-control ui-select-search _8034ae'

2020-05-20 10:54:34 - [TEST_STEP][PASSED] - delay(1): Delayed 1 second(s)

2020-05-20 10:54:35 - [MESSAGE][PASSED] - Delayed 1 second(s)

2020-05-20 10:54:35 - [TEST_STEP][PASSED] - sendKeys(findTestObject("CreationContact/Page_IAD/input_Adresse_address1"), Keys.chord(ARROW_DOWN)): Keys 'DOWN + ' sent to object: 'Object Repository/CreationContact/Page_IAD/input_Adresse_address1'

2020-05-20 10:54:37 - [MESSAGE][PASSED] - Keys 'DOWN + ' sent to object: 'Object Repository/CreationContact/Page_IAD/input_Adresse_address1'

2020-05-20 10:54:37 - [TEST_STEP][PASSED] - sendKeys(findTestObject("CreationContact/Page_IAD/input_Adresse_address1"), Keys.chord(INSERT)): Keys 'INSERT + ' sent to object: 'Object Repository/CreationContact/Page_IAD/input_Adresse_address1'

2020-05-20 10:54:39 - [MESSAGE][PASSED] - Keys 'INSERT + ' sent to object: 'Object Repository/CreationContact/Page_IAD/input_Adresse_address1'

2020-05-20 10:54:39 - [TEST_STEP][PASSED] - delay(4): Delayed 4 second(s)

2020-05-20 10:54:43 - [MESSAGE][PASSED] - Delayed 4 second(s)

2020-05-20 10:54:43 - [TEST_STEP][PASSED] - setText(findTestObject("Object Repository/CreationContact/Page_IAD/input_Adresse_address1"), "a"): Text 'a' is set on object 'Object Repository/CreationContact/Page_IAD/input_Adresse_address1'

2020-05-20 10:54:49 - [MESSAGE][PASSED] - Text 'a' is set on object 'Object Repository/CreationContact/Page_IAD/input_Adresse_address1'

2020-05-20 10:54:49 - [TEST_STEP][PASSED] - delay(1): Delayed 1 second(s)

2020-05-20 10:54:50 - [MESSAGE][PASSED] - Delayed 1 second(s)

2020-05-20 10:54:50 - [TEST_STEP][PASSED] - sendKeys(findTestObject("CreationContact/Page_IAD/input_Adresse_address1"), Keys.chord(ARROW_DOWN)): Keys 'DOWN + ' sent to object: 'Object Repository/CreationContact/Page_IAD/input_Adresse_address1'

2020-05-20 10:54:52 - [MESSAGE][PASSED] - Keys 'DOWN + ' sent to object: 'Object Repository/CreationContact/Page_IAD/input_Adresse_address1'

2020-05-20 10:54:52 - [TEST_STEP][PASSED] - sendKeys(findTestObject("CreationContact/Page_IAD/input_Adresse_address1"), Keys.chord(INSERT)): Keys 'INSERT + ' sent to object: 'Object Repository/CreationContact/Page_IAD/input_Adresse_address1'

2020-05-20 10:54:54 - [MESSAGE][PASSED] - Keys 'INSERT + ' sent to object: 'Object Repository/CreationContact/Page_IAD/input_Adresse_address1'

2020-05-20 10:54:54 - [TEST_STEP][PASSED] - delay(5): Delayed 5 second(s)

2020-05-20 10:54:59 - [MESSAGE][PASSED] - Delayed 5 second(s)

2020-05-20 10:54:59 - [TEST_STEP][PASSED] - adressContac = getAttribute(findTestObject("Object Repository/CreationContact/Page_IAD/input_Adresse_address1"), "value"): Attribute 'value' of object 'Object Repository/CreationContact/Page_IAD/input_Adresse_address1' is: 'FranceAgriMer, Rue Henri Rol-Tanguy, Montreuil, France'

2020-05-20 10:54:59 - [MESSAGE][PASSED] - Attribute 'value' of object 'Object Repository/CreationContact/Page_IAD/input_Adresse_address1' is: 'FranceAgriMer, Rue Henri Rol-Tanguy, Montreuil, France'

2020-05-20 10:54:59 - [TEST_STEP][PASSED] - adressContact = adressContac: null

2020-05-20 10:54:59 - [TEST_STEP][PASSED] - println(adressContact): null

2020-05-20 10:54:59 - [TEST_STEP][PASSED] - click(findTestObject("CreationContact/Page_IAD/span_Enregistrer le contact")): Object: 'Object Repository/CreationContact/Page_IAD/span_Enregistrer le contact' is clicked on

2020-05-20 10:55:02 - [MESSAGE][PASSED] - Object: 'Object Repository/CreationContact/Page_IAD/span_Enregistrer le contact' is clicked on

2020-05-20 10:55:02 - [TEST_STEP][PASSED] - delay(8): Delayed 8 second(s)

2020-05-20 10:55:10 - [MESSAGE][PASSED] - Delayed 8 second(s)]]></system-out>
         <system-err><![CDATA[]]></system-err>
      </testcase>
      <testcase name="Test Cases/Projet" time="44.558" classname="Test Cases/Projet" status="FAILED">
         <failure type="FAILED" message="Test Cases/Projet FAILED.
Reason:
com.kms.katalon.core.exception.StepFailedException: Unable to click on object 'Object Repository/Creation_projet/Page_IAD (1)/a_Production'
	at com.kms.katalon.core.webui.keyword.internal.WebUIKeywordMain.stepFailed(WebUIKeywordMain.groovy:64)
	at com.kms.katalon.core.webui.keyword.internal.WebUIKeywordMain.runKeyword(WebUIKeywordMain.groovy:26)
	at com.kms.katalon.core.webui.keyword.builtin.ClickKeyword.click(ClickKeyword.groovy:76)
	at com.kms.katalon.core.webui.keyword.builtin.ClickKeyword.execute(ClickKeyword.groovy:43)
	at com.kms.katalon.core.keyword.internal.KeywordExecutor.executeKeywordForPlatform(KeywordExecutor.groovy:72)
	at com.kms.katalon.core.webui.keyword.WebUiBuiltInKeywords.click(WebUiBuiltInKeywords.groovy:616)
	at com.kms.katalon.core.webui.keyword.WebUiBuiltInKeywords$click$1.call(Unknown Source)
	at Projet.run(Projet:20)
	at com.kms.katalon.core.main.ScriptEngine.run(ScriptEngine.java:194)
	at com.kms.katalon.core.main.ScriptEngine.runScriptAsRawText(ScriptEngine.java:119)
	at com.kms.katalon.core.main.TestCaseExecutor.runScript(TestCaseExecutor.java:337)
	at com.kms.katalon.core.main.TestCaseExecutor.doExecute(TestCaseExecutor.java:328)
	at com.kms.katalon.core.main.TestCaseExecutor.processExecutionPhase(TestCaseExecutor.java:307)
	at com.kms.katalon.core.main.TestCaseExecutor.accessMainPhase(TestCaseExecutor.java:299)
	at com.kms.katalon.core.main.TestCaseExecutor.execute(TestCaseExecutor.java:233)
	at com.kms.katalon.core.main.TestSuiteExecutor.accessTestCaseMainPhase(TestSuiteExecutor.java:169)
	at com.kms.katalon.core.main.TestSuiteExecutor.accessTestSuiteMainPhase(TestSuiteExecutor.java:142)
	at com.kms.katalon.core.main.TestSuiteExecutor.execute(TestSuiteExecutor.java:91)
	at com.kms.katalon.core.main.TestCaseMain.startTestSuite(TestCaseMain.java:157)
	at com.kms.katalon.core.main.TestCaseMain$startTestSuite$0.call(Unknown Source)
	at TempTestSuite1589971932137.run(TempTestSuite1589971932137.groovy:37)
Caused by: com.kms.katalon.core.webui.exception.WebElementNotFoundException: Web element with id: 'Object Repository/Creation_projet/Page_IAD (1)/a_Production' located by 'By.xpath: //a[@href = '#' and (text() = '
                        
                        Production
                    ' or . = '
                        
                        Production
                    ')]' not found
	at com.kms.katalon.core.webui.common.WebUiCommonHelper.findWebElement(WebUiCommonHelper.java:1154)
	at com.kms.katalon.core.webui.keyword.internal.WebUIAbstractKeyword.findWebElement(WebUIAbstractKeyword.groovy:27)
	at com.kms.katalon.core.webui.keyword.internal.WebUIAbstractKeyword.findWebElement(WebUIAbstractKeyword.groovy:26)
	at com.kms.katalon.core.webui.keyword.builtin.ClickKeyword$_click_closure1.doCall(ClickKeyword.groovy:67)
	at com.kms.katalon.core.webui.keyword.builtin.ClickKeyword$_click_closure1.call(ClickKeyword.groovy)
	at com.kms.katalon.core.webui.keyword.internal.WebUIKeywordMain.runKeyword(WebUIKeywordMain.groovy:20)
	... 19 more
"/>
         <system-out><![CDATA[2020-05-20 10:55:10 - [TEST_CASE][FAILED] - Test Cases/Projet: Test Cases/Projet FAILED.
Reason:
com.kms.katalon.core.exception.StepFailedException: Unable to click on object 'Object Repository/Creation_projet/Page_IAD (1)/a_Production'
	at com.kms.katalon.core.webui.keyword.internal.WebUIKeywordMain.stepFailed(WebUIKeywordMain.groovy:64)
	at com.kms.katalon.core.webui.keyword.internal.WebUIKeywordMain.runKeyword(WebUIKeywordMain.groovy:26)
	at com.kms.katalon.core.webui.keyword.builtin.ClickKeyword.click(ClickKeyword.groovy:76)
	at com.kms.katalon.core.webui.keyword.builtin.ClickKeyword.execute(ClickKeyword.groovy:43)
	at com.kms.katalon.core.keyword.internal.KeywordExecutor.executeKeywordForPlatform(KeywordExecutor.groovy:72)
	at com.kms.katalon.core.webui.keyword.WebUiBuiltInKeywords.click(WebUiBuiltInKeywords.groovy:616)
	at com.kms.katalon.core.webui.keyword.WebUiBuiltInKeywords$click$1.call(Unknown Source)
	at Projet.run(Projet:20)
	at com.kms.katalon.core.main.ScriptEngine.run(ScriptEngine.java:194)
	at com.kms.katalon.core.main.ScriptEngine.runScriptAsRawText(ScriptEngine.java:119)
	at com.kms.katalon.core.main.TestCaseExecutor.runScript(TestCaseExecutor.java:337)
	at com.kms.katalon.core.main.TestCaseExecutor.doExecute(TestCaseExecutor.java:328)
	at com.kms.katalon.core.main.TestCaseExecutor.processExecutionPhase(TestCaseExecutor.java:307)
	at com.kms.katalon.core.main.TestCaseExecutor.accessMainPhase(TestCaseExecutor.java:299)
	at com.kms.katalon.core.main.TestCaseExecutor.execute(TestCaseExecutor.java:233)
	at com.kms.katalon.core.main.TestSuiteExecutor.accessTestCaseMainPhase(TestSuiteExecutor.java:169)
	at com.kms.katalon.core.main.TestSuiteExecutor.accessTestSuiteMainPhase(TestSuiteExecutor.java:142)
	at com.kms.katalon.core.main.TestSuiteExecutor.execute(TestSuiteExecutor.java:91)
	at com.kms.katalon.core.main.TestCaseMain.startTestSuite(TestCaseMain.java:157)
	at com.kms.katalon.core.main.TestCaseMain$startTestSuite$0.call(Unknown Source)
	at TempTestSuite1589971932137.run(TempTestSuite1589971932137.groovy:37)
Caused by: com.kms.katalon.core.webui.exception.WebElementNotFoundException: Web element with id: 'Object Repository/Creation_projet/Page_IAD (1)/a_Production' located by 'By.xpath: //a[@href = '#' and (text() = '
                        
                        Production
                    ' or . = '
                        
                        Production
                    ')]' not found
	at com.kms.katalon.core.webui.common.WebUiCommonHelper.findWebElement(WebUiCommonHelper.java:1154)
	at com.kms.katalon.core.webui.keyword.internal.WebUIAbstractKeyword.findWebElement(WebUIAbstractKeyword.groovy:27)
	at com.kms.katalon.core.webui.keyword.internal.WebUIAbstractKeyword.findWebElement(WebUIAbstractKeyword.groovy:26)
	at com.kms.katalon.core.webui.keyword.builtin.ClickKeyword$_click_closure1.doCall(ClickKeyword.groovy:67)
	at com.kms.katalon.core.webui.keyword.builtin.ClickKeyword$_click_closure1.call(ClickKeyword.groovy)
	at com.kms.katalon.core.webui.keyword.internal.WebUIKeywordMain.runKeyword(WebUIKeywordMain.groovy:20)
	... 19 more


2020-05-20 10:55:10 - [TEST_STEP][FAILED] - click(findTestObject("Creation_projet/Page_IAD (1)/a_Production")): Unable to click on object 'Object Repository/Creation_projet/Page_IAD (1)/a_Production' (Root cause: com.kms.katalon.core.exception.StepFailedException: Unable to click on object 'Object Repository/Creation_projet/Page_IAD (1)/a_Production'
	at com.kms.katalon.core.webui.keyword.internal.WebUIKeywordMain.stepFailed(WebUIKeywordMain.groovy:64)
	at com.kms.katalon.core.webui.keyword.internal.WebUIKeywordMain.runKeyword(WebUIKeywordMain.groovy:26)
	at com.kms.katalon.core.webui.keyword.builtin.ClickKeyword.click(ClickKeyword.groovy:76)
	at com.kms.katalon.core.webui.keyword.builtin.ClickKeyword.execute(ClickKeyword.groovy:43)
	at com.kms.katalon.core.keyword.internal.KeywordExecutor.executeKeywordForPlatform(KeywordExecutor.groovy:72)
	at com.kms.katalon.core.webui.keyword.WebUiBuiltInKeywords.click(WebUiBuiltInKeywords.groovy:616)
	at com.kms.katalon.core.webui.keyword.WebUiBuiltInKeywords$click$1.call(Unknown Source)
	at Projet.run(Projet:20)
	at com.kms.katalon.core.main.ScriptEngine.run(ScriptEngine.java:194)
	at com.kms.katalon.core.main.ScriptEngine.runScriptAsRawText(ScriptEngine.java:119)
	at com.kms.katalon.core.main.TestCaseExecutor.runScript(TestCaseExecutor.java:337)
	at com.kms.katalon.core.main.TestCaseExecutor.doExecute(TestCaseExecutor.java:328)
	at com.kms.katalon.core.main.TestCaseExecutor.processExecutionPhase(TestCaseExecutor.java:307)
	at com.kms.katalon.core.main.TestCaseExecutor.accessMainPhase(TestCaseExecutor.java:299)
	at com.kms.katalon.core.main.TestCaseExecutor.execute(TestCaseExecutor.java:233)
	at com.kms.katalon.core.main.TestSuiteExecutor.accessTestCaseMainPhase(TestSuiteExecutor.java:169)
	at com.kms.katalon.core.main.TestSuiteExecutor.accessTestSuiteMainPhase(TestSuiteExecutor.java:142)
	at com.kms.katalon.core.main.TestSuiteExecutor.execute(TestSuiteExecutor.java:91)
	at com.kms.katalon.core.main.TestCaseMain.startTestSuite(TestCaseMain.java:157)
	at com.kms.katalon.core.main.TestCaseMain$startTestSuite$0.call(Unknown Source)
	at TempTestSuite1589971932137.run(TempTestSuite1589971932137.groovy:37)
Caused by: com.kms.katalon.core.webui.exception.WebElementNotFoundException: Web element with id: 'Object Repository/Creation_projet/Page_IAD (1)/a_Production' located by 'By.xpath: //a[@href = '#' and (text() = '
                        
                        Production
                    ' or . = '
                        
                        Production
                    ')]' not found
	at com.kms.katalon.core.webui.common.WebUiCommonHelper.findWebElement(WebUiCommonHelper.java:1154)
	at com.kms.katalon.core.webui.keyword.internal.WebUIAbstractKeyword.findWebElement(WebUIAbstractKeyword.groovy:27)
	at com.kms.katalon.core.webui.keyword.internal.WebUIAbstractKeyword.findWebElement(WebUIAbstractKeyword.groovy:26)
	at com.kms.katalon.core.webui.keyword.builtin.ClickKeyword$_click_closure1.doCall(ClickKeyword.groovy:67)
	at com.kms.katalon.core.webui.keyword.builtin.ClickKeyword$_click_closure1.call(ClickKeyword.groovy)
	at com.kms.katalon.core.webui.keyword.internal.WebUIKeywordMain.runKeyword(WebUIKeywordMain.groovy:20)
	at com.kms.katalon.core.webui.keyword.builtin.ClickKeyword.click(ClickKeyword.groovy:76)
	at com.kms.katalon.core.webui.keyword.builtin.ClickKeyword.execute(ClickKeyword.groovy:43)
	at com.kms.katalon.core.keyword.internal.KeywordExecutor.executeKeywordForPlatform(KeywordExecutor.groovy:72)
	at com.kms.katalon.core.webui.keyword.WebUiBuiltInKeywords.click(WebUiBuiltInKeywords.groovy:616)
	at com.kms.katalon.core.webui.keyword.WebUiBuiltInKeywords$click$1.call(Unknown Source)
	at Script1589968538832.run(Script1589968538832.groovy:20)
	... 13 more
)

2020-05-20 10:55:54 - [MESSAGE][INFO] - Unable to find the element located by 'By.xpath: //a[@href = '#' and (text() = '
                        
                        Production
                    ' or . = '
                        
                        Production
                    ')]'. Please recheck the objects properties to make sure the desired element is located. 

2020-05-20 10:55:54 - [MESSAGE][FAILED] - Unable to click on object 'Object Repository/Creation_projet/Page_IAD (1)/a_Production' (Root cause: com.kms.katalon.core.exception.StepFailedException: Unable to click on object 'Object Repository/Creation_projet/Page_IAD (1)/a_Production'
	at com.kms.katalon.core.webui.keyword.internal.WebUIKeywordMain.stepFailed(WebUIKeywordMain.groovy:64)
	at com.kms.katalon.core.webui.keyword.internal.WebUIKeywordMain.runKeyword(WebUIKeywordMain.groovy:26)
	at com.kms.katalon.core.webui.keyword.builtin.ClickKeyword.click(ClickKeyword.groovy:76)
	at com.kms.katalon.core.webui.keyword.builtin.ClickKeyword.execute(ClickKeyword.groovy:43)
	at com.kms.katalon.core.keyword.internal.KeywordExecutor.executeKeywordForPlatform(KeywordExecutor.groovy:72)
	at com.kms.katalon.core.webui.keyword.WebUiBuiltInKeywords.click(WebUiBuiltInKeywords.groovy:616)
	at com.kms.katalon.core.webui.keyword.WebUiBuiltInKeywords$click$1.call(Unknown Source)
	at Projet.run(Projet:20)
	at com.kms.katalon.core.main.ScriptEngine.run(ScriptEngine.java:194)
	at com.kms.katalon.core.main.ScriptEngine.runScriptAsRawText(ScriptEngine.java:119)
	at com.kms.katalon.core.main.TestCaseExecutor.runScript(TestCaseExecutor.java:337)
	at com.kms.katalon.core.main.TestCaseExecutor.doExecute(TestCaseExecutor.java:328)
	at com.kms.katalon.core.main.TestCaseExecutor.processExecutionPhase(TestCaseExecutor.java:307)
	at com.kms.katalon.core.main.TestCaseExecutor.accessMainPhase(TestCaseExecutor.java:299)
	at com.kms.katalon.core.main.TestCaseExecutor.execute(TestCaseExecutor.java:233)
	at com.kms.katalon.core.main.TestSuiteExecutor.accessTestCaseMainPhase(TestSuiteExecutor.java:169)
	at com.kms.katalon.core.main.TestSuiteExecutor.accessTestSuiteMainPhase(TestSuiteExecutor.java:142)
	at com.kms.katalon.core.main.TestSuiteExecutor.execute(TestSuiteExecutor.java:91)
	at com.kms.katalon.core.main.TestCaseMain.startTestSuite(TestCaseMain.java:157)
	at com.kms.katalon.core.main.TestCaseMain$startTestSuite$0.call(Unknown Source)
	at TempTestSuite1589971932137.run(TempTestSuite1589971932137.groovy:37)
Caused by: com.kms.katalon.core.webui.exception.WebElementNotFoundException: Web element with id: 'Object Repository/Creation_projet/Page_IAD (1)/a_Production' located by 'By.xpath: //a[@href = '#' and (text() = '
                        
                        Production
                    ' or . = '
                        
                        Production
                    ')]' not found
	at com.kms.katalon.core.webui.common.WebUiCommonHelper.findWebElement(WebUiCommonHelper.java:1154)
	at com.kms.katalon.core.webui.keyword.internal.WebUIAbstractKeyword.findWebElement(WebUIAbstractKeyword.groovy:27)
	at com.kms.katalon.core.webui.keyword.internal.WebUIAbstractKeyword.findWebElement(WebUIAbstractKeyword.groovy:26)
	at com.kms.katalon.core.webui.keyword.builtin.ClickKeyword$_click_closure1.doCall(ClickKeyword.groovy:67)
	at com.kms.katalon.core.webui.keyword.builtin.ClickKeyword$_click_closure1.call(ClickKeyword.groovy)
	at com.kms.katalon.core.webui.keyword.internal.WebUIKeywordMain.runKeyword(WebUIKeywordMain.groovy:20)
	at com.kms.katalon.core.webui.keyword.builtin.ClickKeyword.click(ClickKeyword.groovy:76)
	at com.kms.katalon.core.webui.keyword.builtin.ClickKeyword.execute(ClickKeyword.groovy:43)
	at com.kms.katalon.core.keyword.internal.KeywordExecutor.executeKeywordForPlatform(KeywordExecutor.groovy:72)
	at com.kms.katalon.core.webui.keyword.WebUiBuiltInKeywords.click(WebUiBuiltInKeywords.groovy:616)
	at com.kms.katalon.core.webui.keyword.WebUiBuiltInKeywords$click$1.call(Unknown Source)
	at Script1589968538832.run(Script1589968538832.groovy:20)
	... 13 more
)
[[ATTACHMENT|C:\\Users\\nezha.e\\Desktop\\Katalon\\Reports\\20200520_105212\\Integration-IA-Contact\\20200520_105212\\1589972154605.png]]]]></system-out>
         <system-err><![CDATA[2020-05-20 10:55:10 - [TEST_CASE][FAILED] - Test Cases/Projet: Test Cases/Projet FAILED.
Reason:
com.kms.katalon.core.exception.StepFailedException: Unable to click on object 'Object Repository/Creation_projet/Page_IAD (1)/a_Production'
	at com.kms.katalon.core.webui.keyword.internal.WebUIKeywordMain.stepFailed(WebUIKeywordMain.groovy:64)
	at com.kms.katalon.core.webui.keyword.internal.WebUIKeywordMain.runKeyword(WebUIKeywordMain.groovy:26)
	at com.kms.katalon.core.webui.keyword.builtin.ClickKeyword.click(ClickKeyword.groovy:76)
	at com.kms.katalon.core.webui.keyword.builtin.ClickKeyword.execute(ClickKeyword.groovy:43)
	at com.kms.katalon.core.keyword.internal.KeywordExecutor.executeKeywordForPlatform(KeywordExecutor.groovy:72)
	at com.kms.katalon.core.webui.keyword.WebUiBuiltInKeywords.click(WebUiBuiltInKeywords.groovy:616)
	at com.kms.katalon.core.webui.keyword.WebUiBuiltInKeywords$click$1.call(Unknown Source)
	at Projet.run(Projet:20)
	at com.kms.katalon.core.main.ScriptEngine.run(ScriptEngine.java:194)
	at com.kms.katalon.core.main.ScriptEngine.runScriptAsRawText(ScriptEngine.java:119)
	at com.kms.katalon.core.main.TestCaseExecutor.runScript(TestCaseExecutor.java:337)
	at com.kms.katalon.core.main.TestCaseExecutor.doExecute(TestCaseExecutor.java:328)
	at com.kms.katalon.core.main.TestCaseExecutor.processExecutionPhase(TestCaseExecutor.java:307)
	at com.kms.katalon.core.main.TestCaseExecutor.accessMainPhase(TestCaseExecutor.java:299)
	at com.kms.katalon.core.main.TestCaseExecutor.execute(TestCaseExecutor.java:233)
	at com.kms.katalon.core.main.TestSuiteExecutor.accessTestCaseMainPhase(TestSuiteExecutor.java:169)
	at com.kms.katalon.core.main.TestSuiteExecutor.accessTestSuiteMainPhase(TestSuiteExecutor.java:142)
	at com.kms.katalon.core.main.TestSuiteExecutor.execute(TestSuiteExecutor.java:91)
	at com.kms.katalon.core.main.TestCaseMain.startTestSuite(TestCaseMain.java:157)
	at com.kms.katalon.core.main.TestCaseMain$startTestSuite$0.call(Unknown Source)
	at TempTestSuite1589971932137.run(TempTestSuite1589971932137.groovy:37)
Caused by: com.kms.katalon.core.webui.exception.WebElementNotFoundException: Web element with id: 'Object Repository/Creation_projet/Page_IAD (1)/a_Production' located by 'By.xpath: //a[@href = '#' and (text() = '
                        
                        Production
                    ' or . = '
                        
                        Production
                    ')]' not found
	at com.kms.katalon.core.webui.common.WebUiCommonHelper.findWebElement(WebUiCommonHelper.java:1154)
	at com.kms.katalon.core.webui.keyword.internal.WebUIAbstractKeyword.findWebElement(WebUIAbstractKeyword.groovy:27)
	at com.kms.katalon.core.webui.keyword.internal.WebUIAbstractKeyword.findWebElement(WebUIAbstractKeyword.groovy:26)
	at com.kms.katalon.core.webui.keyword.builtin.ClickKeyword$_click_closure1.doCall(ClickKeyword.groovy:67)
	at com.kms.katalon.core.webui.keyword.builtin.ClickKeyword$_click_closure1.call(ClickKeyword.groovy)
	at com.kms.katalon.core.webui.keyword.internal.WebUIKeywordMain.runKeyword(WebUIKeywordMain.groovy:20)
	... 19 more]]></system-err>
      </testcase>
      <system-out><![CDATA[2020-05-20 10:52:14 - [TEST_SUITE][FAILED] - Integration-IA-Contact: Test Cases/Projet FAILED.
Reason:
com.kms.katalon.core.exception.StepFailedException: Unable to click on object 'Object Repository/Creation_projet/Page_IAD (1)/a_Production'
	at com.kms.katalon.core.webui.keyword.internal.WebUIKeywordMain.stepFailed(WebUIKeywordMain.groovy:64)
	at com.kms.katalon.core.webui.keyword.internal.WebUIKeywordMain.runKeyword(WebUIKeywordMain.groovy:26)
	at com.kms.katalon.core.webui.keyword.builtin.ClickKeyword.click(ClickKeyword.groovy:76)
	at com.kms.katalon.core.webui.keyword.builtin.ClickKeyword.execute(ClickKeyword.groovy:43)
	at com.kms.katalon.core.keyword.internal.KeywordExecutor.executeKeywordForPlatform(KeywordExecutor.groovy:72)
	at com.kms.katalon.core.webui.keyword.WebUiBuiltInKeywords.click(WebUiBuiltInKeywords.groovy:616)
	at com.kms.katalon.core.webui.keyword.WebUiBuiltInKeywords$click$1.call(Unknown Source)
	at Projet.run(Projet:20)
	at com.kms.katalon.core.main.ScriptEngine.run(ScriptEngine.java:194)
	at com.kms.katalon.core.main.ScriptEngine.runScriptAsRawText(ScriptEngine.java:119)
	at com.kms.katalon.core.main.TestCaseExecutor.runScript(TestCaseExecutor.java:337)
	at com.kms.katalon.core.main.TestCaseExecutor.doExecute(TestCaseExecutor.java:328)
	at com.kms.katalon.core.main.TestCaseExecutor.processExecutionPhase(TestCaseExecutor.java:307)
	at com.kms.katalon.core.main.TestCaseExecutor.accessMainPhase(TestCaseExecutor.java:299)
	at com.kms.katalon.core.main.TestCaseExecutor.execute(TestCaseExecutor.java:233)
	at com.kms.katalon.core.main.TestSuiteExecutor.accessTestCaseMainPhase(TestSuiteExecutor.java:169)
	at com.kms.katalon.core.main.TestSuiteExecutor.accessTestSuiteMainPhase(TestSuiteExecutor.java:142)
	at com.kms.katalon.core.main.TestSuiteExecutor.execute(TestSuiteExecutor.java:91)
	at com.kms.katalon.core.main.TestCaseMain.startTestSuite(TestCaseMain.java:157)
	at com.kms.katalon.core.main.TestCaseMain$startTestSuite$0.call(Unknown Source)
	at TempTestSuite1589971932137.run(TempTestSuite1589971932137.groovy:37)
Caused by: com.kms.katalon.core.webui.exception.WebElementNotFoundException: Web element with id: 'Object Repository/Creation_projet/Page_IAD (1)/a_Production' located by 'By.xpath: //a[@href = '#' and (text() = '
                        
                        Production
                    ' or . = '
                        
                        Production
                    ')]' not found
	at com.kms.katalon.core.webui.common.WebUiCommonHelper.findWebElement(WebUiCommonHelper.java:1154)
	at com.kms.katalon.core.webui.keyword.internal.WebUIAbstractKeyword.findWebElement(WebUIAbstractKeyword.groovy:27)
	at com.kms.katalon.core.webui.keyword.internal.WebUIAbstractKeyword.findWebElement(WebUIAbstractKeyword.groovy:26)
	at com.kms.katalon.core.webui.keyword.builtin.ClickKeyword$_click_closure1.doCall(ClickKeyword.groovy:67)
	at com.kms.katalon.core.webui.keyword.builtin.ClickKeyword$_click_closure1.call(ClickKeyword.groovy)
	at com.kms.katalon.core.webui.keyword.internal.WebUIKeywordMain.runKeyword(WebUIKeywordMain.groovy:20)
	... 19 more]]></system-out>
      <system-err><![CDATA[2020-05-20 10:52:14 - [TEST_SUITE][FAILED] - Integration-IA-Contact: Test Cases/Projet FAILED.
Reason:
com.kms.katalon.core.exception.StepFailedException: Unable to click on object 'Object Repository/Creation_projet/Page_IAD (1)/a_Production'
	at com.kms.katalon.core.webui.keyword.internal.WebUIKeywordMain.stepFailed(WebUIKeywordMain.groovy:64)
	at com.kms.katalon.core.webui.keyword.internal.WebUIKeywordMain.runKeyword(WebUIKeywordMain.groovy:26)
	at com.kms.katalon.core.webui.keyword.builtin.ClickKeyword.click(ClickKeyword.groovy:76)
	at com.kms.katalon.core.webui.keyword.builtin.ClickKeyword.execute(ClickKeyword.groovy:43)
	at com.kms.katalon.core.keyword.internal.KeywordExecutor.executeKeywordForPlatform(KeywordExecutor.groovy:72)
	at com.kms.katalon.core.webui.keyword.WebUiBuiltInKeywords.click(WebUiBuiltInKeywords.groovy:616)
	at com.kms.katalon.core.webui.keyword.WebUiBuiltInKeywords$click$1.call(Unknown Source)
	at Projet.run(Projet:20)
	at com.kms.katalon.core.main.ScriptEngine.run(ScriptEngine.java:194)
	at com.kms.katalon.core.main.ScriptEngine.runScriptAsRawText(ScriptEngine.java:119)
	at com.kms.katalon.core.main.TestCaseExecutor.runScript(TestCaseExecutor.java:337)
	at com.kms.katalon.core.main.TestCaseExecutor.doExecute(TestCaseExecutor.java:328)
	at com.kms.katalon.core.main.TestCaseExecutor.processExecutionPhase(TestCaseExecutor.java:307)
	at com.kms.katalon.core.main.TestCaseExecutor.accessMainPhase(TestCaseExecutor.java:299)
	at com.kms.katalon.core.main.TestCaseExecutor.execute(TestCaseExecutor.java:233)
	at com.kms.katalon.core.main.TestSuiteExecutor.accessTestCaseMainPhase(TestSuiteExecutor.java:169)
	at com.kms.katalon.core.main.TestSuiteExecutor.accessTestSuiteMainPhase(TestSuiteExecutor.java:142)
	at com.kms.katalon.core.main.TestSuiteExecutor.execute(TestSuiteExecutor.java:91)
	at com.kms.katalon.core.main.TestCaseMain.startTestSuite(TestCaseMain.java:157)
	at com.kms.katalon.core.main.TestCaseMain$startTestSuite$0.call(Unknown Source)
	at TempTestSuite1589971932137.run(TempTestSuite1589971932137.groovy:37)
Caused by: com.kms.katalon.core.webui.exception.WebElementNotFoundException: Web element with id: 'Object Repository/Creation_projet/Page_IAD (1)/a_Production' located by 'By.xpath: //a[@href = '#' and (text() = '
                        
                        Production
                    ' or . = '
                        
                        Production
                    ')]' not found
	at com.kms.katalon.core.webui.common.WebUiCommonHelper.findWebElement(WebUiCommonHelper.java:1154)
	at com.kms.katalon.core.webui.keyword.internal.WebUIAbstractKeyword.findWebElement(WebUIAbstractKeyword.groovy:27)
	at com.kms.katalon.core.webui.keyword.internal.WebUIAbstractKeyword.findWebElement(WebUIAbstractKeyword.groovy:26)
	at com.kms.katalon.core.webui.keyword.builtin.ClickKeyword$_click_closure1.doCall(ClickKeyword.groovy:67)
	at com.kms.katalon.core.webui.keyword.builtin.ClickKeyword$_click_closure1.call(ClickKeyword.groovy)
	at com.kms.katalon.core.webui.keyword.internal.WebUIKeywordMain.runKeyword(WebUIKeywordMain.groovy:20)
	... 19 more]]></system-err>
   </testsuite>
</testsuites>
