<?xml version="1.0" encoding="UTF-8"?>
<testsuites name="Integration-IA-Contact" time="349.713" tests="3" failures="1" errors="0">
   <testsuite name="Integration-IA-Contact" tests="3" failures="1" errors="0" time="349.713" timestamp="2020-05-21 11:01:57" hostname="nezha.e - DESKTOP-9BRT4J2" id="Test Suites/Integration-IA-Contact">
      <properties>
         <property name="deviceName" value=""/>
         <property name="devicePlatform" value=""/>
         <property name="logFolder" value="C:\\Users\\nezha.e\\Desktop\\Katalon\\Reports\\20200521_110155\\Integration-IA-Contact\\20200521_110155"/>
         <property name="logFiles" value="C:\\Users\\nezha.e\\Desktop\\Katalon\\Reports\\20200521_110155\\Integration-IA-Contact\\20200521_110155\\execution0.log"/>
         <property name="attachments" value=""/>
         <property name="hostName" value="nezha.e - DESKTOP-9BRT4J2"/>
         <property name="os" value="Windows 10 64bit"/>
         <property name="katalonVersion" value="7.4.0.1"/>
         <property name="browser" value="Chrome 81.0.4044.138"/>
         <property name="hostAddress" value="192.168.0.107"/>
         <property name="sessionId" value="72f5895612e773b5273ee705984ac84f"/>
         <property name="seleniumVersion" value="3.141.59"/>
         <property name="proxyInformation" value="ProxyInformation{proxyOption=NO_PROXY, proxyServerType=HTTP, password=, proxyServerAddress=, proxyServerPort=0, executionList=}"/>
         <property name="platform" value="Windows 10"/>
      </properties>
      <testcase name="Test Cases/Contact" time="177.417" classname="Test Cases/Contact" status="PASSED">
         <system-out><![CDATA[2020-05-21 11:01:57 - [TEST_CASE][PASSED] - Test Cases/Contact: Test Cases/Contact

2020-05-21 11:01:57 - [TEST_STEP][PASSED] - openBrowser(""): Browser is opened with url: ''

2020-05-21 11:01:58 - [MESSAGE][INFO] - Starting 'Chrome' driver

2020-05-21 11:01:58 - [MESSAGE][INFO] - Action delay is set to 2Â 000 milliseconds

2020-05-21 11:02:02 - [MESSAGE][PASSED] - Browser is opened with url: ''

2020-05-21 11:02:02 - [TEST_STEP][PASSED] - navigateToUrl(URL): Navigate to 'http://p13.demo.iadholding.com' successfully

2020-05-21 11:02:05 - [MESSAGE][PASSED] - Navigate to 'http://p13.demo.iadholding.com' successfully

2020-05-21 11:02:05 - [TEST_STEP][PASSED] - click(findTestObject("Object Repository/CreationContact/Page_Welcome page/button_Accder")): Object: 'Object Repository/CreationContact/Page_Welcome page/button_Accder' is clicked on

2020-05-21 11:02:09 - [MESSAGE][PASSED] - Object: 'Object Repository/CreationContact/Page_Welcome page/button_Accder' is clicked on

2020-05-21 11:02:09 - [TEST_STEP][PASSED] - setText(findTestObject("Object Repository/CreationContact/Page_IAD/input_Identifiant_username"), usernameConseiller): Text '293@iadfrance.fr' is set on object 'Object Repository/CreationContact/Page_IAD/input_Identifiant_username'

2020-05-21 11:02:13 - [MESSAGE][PASSED] - Text '293@iadfrance.fr' is set on object 'Object Repository/CreationContact/Page_IAD/input_Identifiant_username'

2020-05-21 11:02:13 - [TEST_STEP][PASSED] - setEncryptedText(findTestObject("Object Repository/CreationContact/Page_IAD/input_Mot de passe_password"), mp): Text ****** has been set on object 'Object Repository/CreationContact/Page_IAD/input_Mot de passe_password'

2020-05-21 11:02:18 - [MESSAGE][PASSED] - Text ****** has been set on object 'Object Repository/CreationContact/Page_IAD/input_Mot de passe_password'

2020-05-21 11:02:18 - [TEST_STEP][PASSED] - click(findTestObject("Object Repository/CreationContact/Page_IAD/input_Mot de passe_submit")): Object: 'Object Repository/CreationContact/Page_IAD/input_Mot de passe_submit' is clicked on

2020-05-21 11:02:24 - [MESSAGE][PASSED] - Object: 'Object Repository/CreationContact/Page_IAD/input_Mot de passe_submit' is clicked on

2020-05-21 11:02:24 - [TEST_STEP][PASSED] - click(findTestObject("Object Repository/CreationContact/Page_IAD/button_Dmarrer")): Object: 'Object Repository/CreationContact/Page_IAD/button_Dmarrer' is clicked on

2020-05-21 11:02:27 - [MESSAGE][PASSED] - Object: 'Object Repository/CreationContact/Page_IAD/button_Dmarrer' is clicked on

2020-05-21 11:02:27 - [TEST_STEP][PASSED] - click(findTestObject("Object Repository/CreationContact/Page_IAD/div_Quitter")): Object: 'Object Repository/CreationContact/Page_IAD/div_Quitter' is clicked on

2020-05-21 11:02:30 - [MESSAGE][PASSED] - Object: 'Object Repository/CreationContact/Page_IAD/div_Quitter' is clicked on

2020-05-21 11:02:30 - [TEST_STEP][PASSED] - click(findTestObject("Object Repository/CreationContact/Page_IAD/a_Production")): Object: 'Object Repository/CreationContact/Page_IAD/a_Production' is clicked on

2020-05-21 11:02:33 - [MESSAGE][PASSED] - Object: 'Object Repository/CreationContact/Page_IAD/a_Production' is clicked on

2020-05-21 11:02:33 - [TEST_STEP][PASSED] - click(findTestObject("Object Repository/CreationContact/Page_IAD/a_Myiad contacts")): Object: 'Object Repository/CreationContact/Page_IAD/a_Myiad contacts' is clicked on

2020-05-21 11:02:37 - [MESSAGE][PASSED] - Object: 'Object Repository/CreationContact/Page_IAD/a_Myiad contacts' is clicked on

2020-05-21 11:02:37 - [TEST_STEP][PASSED] - click(findTestObject("Object Repository/CreationContact/Page_IAD/button_Crer")): Object: 'Object Repository/CreationContact/Page_IAD/button_Crer' is clicked on

2020-05-21 11:02:46 - [MESSAGE][PASSED] - Object: 'Object Repository/CreationContact/Page_IAD/button_Crer' is clicked on

2020-05-21 11:02:46 - [TEST_STEP][PASSED] - click(findTestObject("Object Repository/CreationContact/Page_IAD/div_Nouveau contact_myiad-avatar")): Object: 'Object Repository/CreationContact/Page_IAD/div_Nouveau contact_myiad-avatar' is clicked on

2020-05-21 11:02:48 - [MESSAGE][PASSED] - Object: 'Object Repository/CreationContact/Page_IAD/div_Nouveau contact_myiad-avatar' is clicked on

2020-05-21 11:02:48 - [TEST_STEP][PASSED] - Seq5 = Math.random() * 9 - 6: null

2020-05-21 11:02:48 - [TEST_STEP][PASSED] - seq55 = Seq5 * 100: null

2020-05-21 11:02:48 - [TEST_STEP][PASSED] - jdcontact = seq55: null

2020-05-21 11:02:48 - [TEST_STEP][PASSED] - jdcont = $jdcontact: null

2020-05-21 11:02:48 - [TEST_STEP][PASSED] - firstname = "test" + jdcont: null

2020-05-21 11:02:48 - [TEST_STEP][PASSED] - println(firstname): null

2020-05-21 11:02:48 - [TEST_STEP][PASSED] - setText(findTestObject("Object Repository/CreationContact/Page_IAD/input_Prnom_firstName"), firstname): Text 'test267' is set on object 'Object Repository/CreationContact/Page_IAD/input_Prnom_firstName'

2020-05-21 11:02:53 - [MESSAGE][PASSED] - Text 'test267' is set on object 'Object Repository/CreationContact/Page_IAD/input_Prnom_firstName'

2020-05-21 11:02:53 - [TEST_STEP][PASSED] - lastname = "test1" + jdcont: null

2020-05-21 11:02:53 - [TEST_STEP][PASSED] - println(lastname): null

2020-05-21 11:02:53 - [TEST_STEP][PASSED] - setText(findTestObject("Object Repository/CreationContact/Page_IAD/input_Nom_lastName"), lastname): Text 'test1267' is set on object 'Object Repository/CreationContact/Page_IAD/input_Nom_lastName'

2020-05-21 11:02:58 - [MESSAGE][PASSED] - Text 'test1267' is set on object 'Object Repository/CreationContact/Page_IAD/input_Nom_lastName'

2020-05-21 11:02:58 - [TEST_STEP][PASSED] - usedname = "test3" + jdcont: null

2020-05-21 11:02:58 - [TEST_STEP][PASSED] - println(usedname): null

2020-05-21 11:02:58 - [TEST_STEP][PASSED] - setText(findTestObject("Object Repository/CreationContact/Page_IAD/input_concat(Nom d  usage)_usageName"), usedname): Text 'test3267' is set on object 'Object Repository/CreationContact/Page_IAD/input_concat(Nom d  usage)_usageName'

2020-05-21 11:03:03 - [MESSAGE][PASSED] - Text 'test3267' is set on object 'Object Repository/CreationContact/Page_IAD/input_concat(Nom d  usage)_usageName'

2020-05-21 11:03:03 - [TEST_STEP][PASSED] - jeunefille = "test4" + jdcont: null

2020-05-21 11:03:03 - [TEST_STEP][PASSED] - println(jeunefille): null

2020-05-21 11:03:03 - [TEST_STEP][PASSED] - setText(findTestObject("Object Repository/CreationContact/Page_IAD/input_Nom de jeune fille_birthName"), jeunefille): Text 'test4267' is set on object 'Object Repository/CreationContact/Page_IAD/input_Nom de jeune fille_birthName'

2020-05-21 11:03:08 - [MESSAGE][PASSED] - Text 'test4267' is set on object 'Object Repository/CreationContact/Page_IAD/input_Nom de jeune fille_birthName'

2020-05-21 11:03:08 - [TEST_STEP][PASSED] - click(findTestObject("Object Repository/CreationContact/Page_IAD/input_Date de naissance_birthDate")): Object: 'Object Repository/CreationContact/Page_IAD/input_Date de naissance_birthDate' is clicked on

2020-05-21 11:03:11 - [MESSAGE][PASSED] - Object: 'Object Repository/CreationContact/Page_IAD/input_Date de naissance_birthDate' is clicked on

2020-05-21 11:03:11 - [TEST_STEP][PASSED] - click(findTestObject("Object Repository/CreationContact/Page_IAD/span_13")): Object: 'Object Repository/CreationContact/Page_IAD/span_13' is clicked on

2020-05-21 11:03:13 - [MESSAGE][PASSED] - Object: 'Object Repository/CreationContact/Page_IAD/span_13' is clicked on

2020-05-21 11:03:13 - [TEST_STEP][PASSED] - datebirth = getAttribute(findTestObject("CreationContact/Page_IAD/input_Date de naissance_birthDate"), "value"): Attribute 'value' of object 'Object Repository/CreationContact/Page_IAD/input_Date de naissance_birthDate' is: '13/05/2020'

2020-05-21 11:03:14 - [MESSAGE][PASSED] - Attribute 'value' of object 'Object Repository/CreationContact/Page_IAD/input_Date de naissance_birthDate' is: '13/05/2020'

2020-05-21 11:03:14 - [TEST_STEP][PASSED] - DateNaissance = datebirth: null

2020-05-21 11:03:14 - [TEST_STEP][PASSED] - println(DateNaissance): null

2020-05-21 11:03:14 - [TEST_STEP][PASSED] - click(findTestObject("Object Repository/CreationContact/Page_IAD/span_Lieu de naissance_btn btn-default form_bf2c5d")): Object: 'Object Repository/CreationContact/Page_IAD/span_Lieu de naissance_btn btn-default form_bf2c5d' is clicked on

2020-05-21 11:03:16 - [MESSAGE][PASSED] - Object: 'Object Repository/CreationContact/Page_IAD/span_Lieu de naissance_btn btn-default form_bf2c5d' is clicked on

2020-05-21 11:03:16 - [TEST_STEP][PASSED] - click(findTestObject("Object Repository/CreationContact/Page_IAD/span_02")): Object: 'Object Repository/CreationContact/Page_IAD/span_02' is clicked on

2020-05-21 11:03:19 - [MESSAGE][PASSED] - Object: 'Object Repository/CreationContact/Page_IAD/span_02' is clicked on

2020-05-21 11:03:19 - [TEST_STEP][PASSED] - lieuBirth = "test5" + jdcont: null

2020-05-21 11:03:19 - [TEST_STEP][PASSED] - println(lieuBirth): null

2020-05-21 11:03:19 - [TEST_STEP][PASSED] - setText(findTestObject("Object Repository/CreationContact/Page_IAD/input_Lieu de naissance_birthPlace"), lieuBirth): Text 'test5267' is set on object 'Object Repository/CreationContact/Page_IAD/input_Lieu de naissance_birthPlace'

2020-05-21 11:03:24 - [MESSAGE][PASSED] - Text 'test5267' is set on object 'Object Repository/CreationContact/Page_IAD/input_Lieu de naissance_birthPlace'

2020-05-21 11:03:24 - [TEST_STEP][PASSED] - click(findTestObject("Object Repository/CreationContact/Page_IAD/span_Choisir")): Object: 'Object Repository/CreationContact/Page_IAD/span_Choisir' is clicked on

2020-05-21 11:03:27 - [MESSAGE][PASSED] - Object: 'Object Repository/CreationContact/Page_IAD/span_Choisir' is clicked on

2020-05-21 11:03:27 - [TEST_STEP][PASSED] - setText(findTestObject("Object Repository/CreationContact/Page_IAD/input_Choisir_form-control ui-select-search_780576"), "France"): Text 'France' is set on object 'Object Repository/CreationContact/Page_IAD/input_Choisir_form-control ui-select-search_780576'

2020-05-21 11:03:33 - [MESSAGE][PASSED] - Text 'France' is set on object 'Object Repository/CreationContact/Page_IAD/input_Choisir_form-control ui-select-search_780576'

2020-05-21 11:03:33 - [TEST_STEP][PASSED] - pays1 = getText(findTestObject("CreationContact/Page_IAD/span_FRANCE")): Text of object 'Object Repository/CreationContact/Page_IAD/span_FRANCE' is: 'FRANCE'

2020-05-21 11:03:34 - [MESSAGE][PASSED] - Text of object 'Object Repository/CreationContact/Page_IAD/span_FRANCE' is: 'FRANCE'

2020-05-21 11:03:34 - [TEST_STEP][PASSED] - click(findTestObject("CreationContact/Page_IAD/span_FRANCE")): Object: 'Object Repository/CreationContact/Page_IAD/span_FRANCE' is clicked on

2020-05-21 11:03:36 - [MESSAGE][PASSED] - Object: 'Object Repository/CreationContact/Page_IAD/span_FRANCE' is clicked on

2020-05-21 11:03:36 - [TEST_STEP][PASSED] - pays = pays1: null

2020-05-21 11:03:36 - [TEST_STEP][PASSED] - println(pays): null

2020-05-21 11:03:36 - [TEST_STEP][PASSED] - profession = "test8" + jdcont: null

2020-05-21 11:03:36 - [TEST_STEP][PASSED] - setText(findTestObject("Object Repository/CreationContact/Page_IAD/input_Profession_job"), profession): Text 'test8267' is set on object 'Object Repository/CreationContact/Page_IAD/input_Profession_job'

2020-05-21 11:03:41 - [MESSAGE][PASSED] - Text 'test8267' is set on object 'Object Repository/CreationContact/Page_IAD/input_Profession_job'

2020-05-21 11:03:41 - [TEST_STEP][PASSED] - click(findTestObject("Object Repository/CreationContact/Page_IAD/span_Contact  Adresse")): Object: 'Object Repository/CreationContact/Page_IAD/span_Contact  Adresse' is clicked on

2020-05-21 11:03:44 - [MESSAGE][PASSED] - Object: 'Object Repository/CreationContact/Page_IAD/span_Contact  Adresse' is clicked on

2020-05-21 11:03:44 - [TEST_STEP][PASSED] - Seqphone = Math.random() * 9 - 6: null

2020-05-21 11:03:44 - [TEST_STEP][PASSED] - ifseq = Seqphone: null

2020-05-21 11:03:44 - [TEST_STEP][PASSED] - if (ifseq == 0): null

2020-05-21 11:03:44 - [TEST_STEP][PASSED] - phoneseq1 = Seqphone * 100000000: null

2020-05-21 11:03:44 - [TEST_STEP][PASSED] - phone = phoneseq1: null

2020-05-21 11:03:44 - [TEST_STEP][PASSED] - println(phone): null

2020-05-21 11:03:44 - [TEST_STEP][PASSED] - phone1 = "06" + phone: null

2020-05-21 11:03:44 - [TEST_STEP][PASSED] - println(phone1): null

2020-05-21 11:03:44 - [TEST_STEP][PASSED] - setText(findTestObject("Object Repository/CreationContact/Page_IAD/input_Tlphone_phone2"), phone1): Text '0611086488' is set on object 'Object Repository/CreationContact/Page_IAD/input_Tlphone_phone2'

2020-05-21 11:03:49 - [MESSAGE][PASSED] - Text '0611086488' is set on object 'Object Repository/CreationContact/Page_IAD/input_Tlphone_phone2'

2020-05-21 11:03:49 - [TEST_STEP][PASSED] - click(findTestObject("Object Repository/CreationContact/Page_IAD/span_Ajouter un tlphone_fa fa-plus")): Object: 'Object Repository/CreationContact/Page_IAD/span_Ajouter un tlphone_fa fa-plus' is clicked on

2020-05-21 11:03:52 - [MESSAGE][PASSED] - Object: 'Object Repository/CreationContact/Page_IAD/span_Ajouter un tlphone_fa fa-plus' is clicked on

2020-05-21 11:03:52 - [TEST_STEP][PASSED] - phone2 = "01" + phone: null

2020-05-21 11:03:52 - [TEST_STEP][PASSED] - println(phone2): null

2020-05-21 11:03:52 - [TEST_STEP][PASSED] - setText(findTestObject("Object Repository/CreationContact/Page_IAD/input_Tlphone_phone4"), phone2): Text '0111086488' is set on object 'Object Repository/CreationContact/Page_IAD/input_Tlphone_phone4'

2020-05-21 11:03:57 - [MESSAGE][PASSED] - Text '0111086488' is set on object 'Object Repository/CreationContact/Page_IAD/input_Tlphone_phone4'

2020-05-21 11:03:57 - [TEST_STEP][PASSED] - email1 = "test6." + phone + "@gmail.com": null

2020-05-21 11:03:57 - [TEST_STEP][PASSED] - println(email1): null

2020-05-21 11:03:57 - [TEST_STEP][PASSED] - setText(findTestObject("Object Repository/CreationContact/Page_IAD/input_E-mail personnel_emailPersonal-3"), email1): Text 'test6.11086488@gmail.com' is set on object 'Object Repository/CreationContact/Page_IAD/input_E-mail personnel_emailPersonal-3'

2020-05-21 11:04:02 - [MESSAGE][PASSED] - Text 'test6.11086488@gmail.com' is set on object 'Object Repository/CreationContact/Page_IAD/input_E-mail personnel_emailPersonal-3'

2020-05-21 11:04:02 - [TEST_STEP][PASSED] - click(findTestObject("CreationContact/Page_IAD/button_Ajouter un email_btn btn-primary btn-add")): Object: 'Object Repository/CreationContact/Page_IAD/button_Ajouter un email_btn btn-primary btn-add' is clicked on

2020-05-21 11:04:05 - [MESSAGE][PASSED] - Object: 'Object Repository/CreationContact/Page_IAD/button_Ajouter un email_btn btn-primary btn-add' is clicked on

2020-05-21 11:04:05 - [TEST_STEP][PASSED] - email2 = "test7." + phone + "@gmail.com": null

2020-05-21 11:04:05 - [TEST_STEP][PASSED] - println(email2): null

2020-05-21 11:04:05 - [TEST_STEP][PASSED] - setText(findTestObject("Object Repository/CreationContact/Page_IAD/input_E-mail personnel_emailPersonal-5"), email2): Text 'test7.11086488@gmail.com' is set on object 'Object Repository/CreationContact/Page_IAD/input_E-mail personnel_emailPersonal-5'

2020-05-21 11:04:10 - [MESSAGE][PASSED] - Text 'test7.11086488@gmail.com' is set on object 'Object Repository/CreationContact/Page_IAD/input_E-mail personnel_emailPersonal-5'

2020-05-21 11:04:10 - [TEST_STEP][PASSED] - click(findTestObject("CreationContact/Page_Welcome page/Page_IAD/span_FRANCE")): Object: 'Object Repository/CreationContact/Page_Welcome page/Page_IAD/span_FRANCE' is clicked on

2020-05-21 11:04:13 - [MESSAGE][PASSED] - Object: 'Object Repository/CreationContact/Page_Welcome page/Page_IAD/span_FRANCE' is clicked on

2020-05-21 11:04:13 - [TEST_STEP][PASSED] - setText(findTestObject("CreationContact/Page_IAD/input_FRANCE_form-control ui-select-search _8034ae"), "France"): Text 'France' is set on object 'Object Repository/CreationContact/Page_IAD/input_FRANCE_form-control ui-select-search _8034ae'

2020-05-21 11:04:19 - [MESSAGE][PASSED] - Text 'France' is set on object 'Object Repository/CreationContact/Page_IAD/input_FRANCE_form-control ui-select-search _8034ae'

2020-05-21 11:04:19 - [TEST_STEP][PASSED] - delay(1): Delayed 1 second(s)

2020-05-21 11:04:20 - [MESSAGE][PASSED] - Delayed 1 second(s)

2020-05-21 11:04:20 - [TEST_STEP][PASSED] - sendKeys(findTestObject("CreationContact/Page_IAD/input_FRANCE_form-control ui-select-search _8034ae"), Keys.chord(ARROW_DOWN)): Keys 'DOWN + ' sent to object: 'Object Repository/CreationContact/Page_IAD/input_FRANCE_form-control ui-select-search _8034ae'

2020-05-21 11:04:22 - [MESSAGE][PASSED] - Keys 'DOWN + ' sent to object: 'Object Repository/CreationContact/Page_IAD/input_FRANCE_form-control ui-select-search _8034ae'

2020-05-21 11:04:22 - [TEST_STEP][PASSED] - sendKeys(findTestObject("CreationContact/Page_IAD/input_FRANCE_form-control ui-select-search _8034ae"), Keys.chord(INSERT)): Keys 'INSERT + ' sent to object: 'Object Repository/CreationContact/Page_IAD/input_FRANCE_form-control ui-select-search _8034ae'

2020-05-21 11:04:24 - [MESSAGE][PASSED] - Keys 'INSERT + ' sent to object: 'Object Repository/CreationContact/Page_IAD/input_FRANCE_form-control ui-select-search _8034ae'

2020-05-21 11:04:24 - [TEST_STEP][PASSED] - delay(4): Delayed 4 second(s)

2020-05-21 11:04:28 - [MESSAGE][PASSED] - Delayed 4 second(s)

2020-05-21 11:04:28 - [TEST_STEP][PASSED] - setText(findTestObject("Object Repository/CreationContact/Page_IAD/input_Adresse_address1"), "a"): Text 'a' is set on object 'Object Repository/CreationContact/Page_IAD/input_Adresse_address1'

2020-05-21 11:04:33 - [MESSAGE][PASSED] - Text 'a' is set on object 'Object Repository/CreationContact/Page_IAD/input_Adresse_address1'

2020-05-21 11:04:33 - [TEST_STEP][PASSED] - delay(1): Delayed 1 second(s)

2020-05-21 11:04:34 - [MESSAGE][PASSED] - Delayed 1 second(s)

2020-05-21 11:04:34 - [TEST_STEP][PASSED] - sendKeys(findTestObject("CreationContact/Page_IAD/input_Adresse_address1"), Keys.chord(ARROW_DOWN)): Keys 'DOWN + ' sent to object: 'Object Repository/CreationContact/Page_IAD/input_Adresse_address1'

2020-05-21 11:04:36 - [MESSAGE][PASSED] - Keys 'DOWN + ' sent to object: 'Object Repository/CreationContact/Page_IAD/input_Adresse_address1'

2020-05-21 11:04:36 - [TEST_STEP][PASSED] - sendKeys(findTestObject("CreationContact/Page_IAD/input_Adresse_address1"), Keys.chord(INSERT)): Keys 'INSERT + ' sent to object: 'Object Repository/CreationContact/Page_IAD/input_Adresse_address1'

2020-05-21 11:04:39 - [MESSAGE][PASSED] - Keys 'INSERT + ' sent to object: 'Object Repository/CreationContact/Page_IAD/input_Adresse_address1'

2020-05-21 11:04:39 - [TEST_STEP][PASSED] - delay(5): Delayed 5 second(s)

2020-05-21 11:04:44 - [MESSAGE][PASSED] - Delayed 5 second(s)

2020-05-21 11:04:44 - [TEST_STEP][PASSED] - adressContac = getAttribute(findTestObject("Object Repository/CreationContact/Page_IAD/input_Adresse_address1"), "value"): Attribute 'value' of object 'Object Repository/CreationContact/Page_IAD/input_Adresse_address1' is: 'Angers, France'

2020-05-21 11:04:44 - [MESSAGE][PASSED] - Attribute 'value' of object 'Object Repository/CreationContact/Page_IAD/input_Adresse_address1' is: 'Angers, France'

2020-05-21 11:04:44 - [TEST_STEP][PASSED] - adressContact = adressContac: null

2020-05-21 11:04:44 - [TEST_STEP][PASSED] - println(adressContact): null

2020-05-21 11:04:44 - [TEST_STEP][PASSED] - click(findTestObject("CreationContact/Page_IAD/span_Enregistrer le contact")): Object: 'Object Repository/CreationContact/Page_IAD/span_Enregistrer le contact' is clicked on

2020-05-21 11:04:46 - [MESSAGE][PASSED] - Object: 'Object Repository/CreationContact/Page_IAD/span_Enregistrer le contact' is clicked on

2020-05-21 11:04:46 - [TEST_STEP][PASSED] - delay(8): Delayed 8 second(s)

2020-05-21 11:04:54 - [MESSAGE][PASSED] - Delayed 8 second(s)]]></system-out>
         <system-err><![CDATA[]]></system-err>
      </testcase>
      <testcase name="Test Cases/Projet" time="43.463" classname="Test Cases/Projet" status="PASSED">
         <system-out><![CDATA[2020-05-21 11:04:54 - [TEST_CASE][PASSED] - Test Cases/Projet: Test Cases/Projet

2020-05-21 11:04:55 - [TEST_STEP][PASSED] - click(findTestObject("CreationContact/Page_IAD/a_Myiad acqureurs")): Object: 'Object Repository/CreationContact/Page_IAD/a_Myiad acqureurs' is clicked on

2020-05-21 11:04:57 - [MESSAGE][PASSED] - Object: 'Object Repository/CreationContact/Page_IAD/a_Myiad acqureurs' is clicked on

2020-05-21 11:04:57 - [TEST_STEP][PASSED] - delay(3): Delayed 3 second(s)

2020-05-21 11:05:00 - [MESSAGE][PASSED] - Delayed 3 second(s)

2020-05-21 11:05:00 - [TEST_STEP][PASSED] - click(findTestObject("Creation_projet/Page_IAD (1)/span_Crer")): Object: 'Object Repository/Creation_projet/Page_IAD (1)/span_Crer' is clicked on

2020-05-21 11:05:02 - [MESSAGE][PASSED] - Object: 'Object Repository/Creation_projet/Page_IAD (1)/span_Crer' is clicked on

2020-05-21 11:05:02 - [TEST_STEP][PASSED] - click(findTestObject("Creation_projet/Page_IAD (1)/button_Achat")): Object: 'Object Repository/Creation_projet/Page_IAD (1)/button_Achat' is clicked on

2020-05-21 11:05:06 - [MESSAGE][PASSED] - Object: 'Object Repository/Creation_projet/Page_IAD (1)/button_Achat' is clicked on

2020-05-21 11:05:06 - [TEST_STEP][PASSED] - click(findTestObject("Creation_projet/Page_IAD (1)/button_Habitation")): Object: 'Object Repository/Creation_projet/Page_IAD (1)/button_Habitation' is clicked on

2020-05-21 11:05:09 - [MESSAGE][PASSED] - Object: 'Object Repository/Creation_projet/Page_IAD (1)/button_Habitation' is clicked on

2020-05-21 11:05:09 - [TEST_STEP][PASSED] - click(findTestObject("Creation_projet/Page_IAD (1)/button_Traditionnel")): Object: 'Object Repository/Creation_projet/Page_IAD (1)/button_Traditionnel' is clicked on

2020-05-21 11:05:11 - [MESSAGE][PASSED] - Object: 'Object Repository/Creation_projet/Page_IAD (1)/button_Traditionnel' is clicked on

2020-05-21 11:05:11 - [TEST_STEP][PASSED] - click(findTestObject("Creation_projet/Page_IAD (1)/button_Maison")): Object: 'Object Repository/Creation_projet/Page_IAD (1)/button_Maison' is clicked on

2020-05-21 11:05:14 - [MESSAGE][PASSED] - Object: 'Object Repository/Creation_projet/Page_IAD (1)/button_Maison' is clicked on

2020-05-21 11:05:14 - [TEST_STEP][PASSED] - setText(findTestObject("Creation_projet/Page_Welcome page/Page_IAD/input_Lier  un contact_search"), firstname): Text 'test267' is set on object 'Object Repository/Creation_projet/Page_Welcome page/Page_IAD/input_Lier  un contact_search'

2020-05-21 11:05:19 - [MESSAGE][PASSED] - Text 'test267' is set on object 'Object Repository/Creation_projet/Page_Welcome page/Page_IAD/input_Lier  un contact_search'

2020-05-21 11:05:19 - [TEST_STEP][PASSED] - delay(2): Delayed 2 second(s)

2020-05-21 11:05:21 - [MESSAGE][PASSED] - Delayed 2 second(s)

2020-05-21 11:05:21 - [TEST_STEP][PASSED] - click(findTestObject("Creation_projet/Page_Welcome page/Page_IAD/a_Chabanne AFGOUN DAMMARIE-LES-LYS")): Object: 'Object Repository/Creation_projet/Page_Welcome page/Page_IAD/a_Chabanne AFGOUN DAMMARIE-LES-LYS' is clicked on

2020-05-21 11:05:23 - [MESSAGE][PASSED] - Object: 'Object Repository/Creation_projet/Page_Welcome page/Page_IAD/a_Chabanne AFGOUN DAMMARIE-LES-LYS' is clicked on

2020-05-21 11:05:23 - [TEST_STEP][PASSED] - delay(6): Delayed 6 second(s)

2020-05-21 11:05:29 - [MESSAGE][PASSED] - Delayed 6 second(s)

2020-05-21 11:05:29 - [TEST_STEP][PASSED] - click(findTestObject("Creation_projet/Page_IAD (1)/span_tape suivante")): Object: 'Object Repository/Creation_projet/Page_IAD (1)/span_tape suivante' is clicked on

2020-05-21 11:05:32 - [MESSAGE][PASSED] - Object: 'Object Repository/Creation_projet/Page_IAD (1)/span_tape suivante' is clicked on

2020-05-21 11:05:32 - [TEST_STEP][PASSED] - click(findTestObject("Creation_projet/Page_IAD (1)/button_Enregistrer et quitter")): Object: 'Object Repository/Creation_projet/Page_IAD (1)/button_Enregistrer et quitter' is clicked on

2020-05-21 11:05:34 - [MESSAGE][PASSED] - Object: 'Object Repository/Creation_projet/Page_IAD (1)/button_Enregistrer et quitter' is clicked on

2020-05-21 11:05:34 - [TEST_STEP][PASSED] - verifyElementPresent(findTestObject("Creation_projet/Page_IAD/div_Projet cr avec succs"), 0): Object 'Object Repository/Creation_projet/Page_IAD/div_Projet cr avec succs' is present

2020-05-21 11:05:34 - [MESSAGE][WARNING] - Timeout '0' is invalid. Using default page load timeout: '30'

2020-05-21 11:05:38 - [MESSAGE][PASSED] - Object 'Object Repository/Creation_projet/Page_IAD/div_Projet cr avec succs' is present]]></system-out>
         <system-err><![CDATA[]]></system-err>
      </testcase>
      <testcase name="Test Cases/IA-integration" time="127.662" classname="Test Cases/IA-integration" status="FAILED">
         <failure type="FAILED" message="Test Cases/IA-integration FAILED.
Reason:
com.kms.katalon.core.exception.StepFailedException: Unable to send keys 'îî' to object 'Object Repository/Acquereur/Page_IAD/input_ADRESSE_mat-input-7'
	at com.kms.katalon.core.webui.keyword.internal.WebUIKeywordMain.stepFailed(WebUIKeywordMain.groovy:64)
	at com.kms.katalon.core.webui.keyword.internal.WebUIKeywordMain.runKeyword(WebUIKeywordMain.groovy:26)
	at com.kms.katalon.core.webui.keyword.builtin.SendKeysKeyword.sendKeys(SendKeysKeyword.groovy:60)
	at com.kms.katalon.core.webui.keyword.builtin.SendKeysKeyword.execute(SendKeysKeyword.groovy:38)
	at com.kms.katalon.core.keyword.internal.KeywordExecutor.executeKeywordForPlatform(KeywordExecutor.groovy:72)
	at com.kms.katalon.core.webui.keyword.WebUiBuiltInKeywords.sendKeys(WebUiBuiltInKeywords.groovy:860)
	at com.kms.katalon.core.webui.keyword.WebUiBuiltInKeywords$sendKeys$6.call(Unknown Source)
	at IA-integration.run(IA-integration:108)
	at com.kms.katalon.core.main.ScriptEngine.run(ScriptEngine.java:194)
	at com.kms.katalon.core.main.ScriptEngine.runScriptAsRawText(ScriptEngine.java:119)
	at com.kms.katalon.core.main.TestCaseExecutor.runScript(TestCaseExecutor.java:337)
	at com.kms.katalon.core.main.TestCaseExecutor.doExecute(TestCaseExecutor.java:328)
	at com.kms.katalon.core.main.TestCaseExecutor.processExecutionPhase(TestCaseExecutor.java:307)
	at com.kms.katalon.core.main.TestCaseExecutor.accessMainPhase(TestCaseExecutor.java:299)
	at com.kms.katalon.core.main.TestCaseExecutor.execute(TestCaseExecutor.java:233)
	at com.kms.katalon.core.main.TestSuiteExecutor.accessTestCaseMainPhase(TestSuiteExecutor.java:169)
	at com.kms.katalon.core.main.TestSuiteExecutor.accessTestSuiteMainPhase(TestSuiteExecutor.java:142)
	at com.kms.katalon.core.main.TestSuiteExecutor.execute(TestSuiteExecutor.java:91)
	at com.kms.katalon.core.main.TestCaseMain.startTestSuite(TestCaseMain.java:157)
	at com.kms.katalon.core.main.TestCaseMain$startTestSuite$0.call(Unknown Source)
	at TempTestSuite1590058915303.run(TempTestSuite1590058915303.groovy:37)
Caused by: org.openqa.selenium.WebDriverException: chrome not reachable
  (Session info: chrome=81.0.4044.138)
Build info: version: '3.141.59', revision: 'e82be7d358', time: '2018-11-14T08:25:53'
System info: host: 'DESKTOP-9BRT4J2', ip: '192.168.0.107', os.name: 'Windows 10', os.arch: 'amd64', os.version: '10.0', java.version: '1.8.0_181'
Driver info: com.kms.katalon.selenium.driver.CChromeDriver
Capabilities {acceptInsecureCerts: false, browserName: chrome, browserVersion: 81.0.4044.138, chrome: {chromedriverVersion: 81.0.4044.138 (8c6c7ba89cc9..., userDataDir: C:\Users\nezha.e\AppData\Lo...}, goog:chromeOptions: {debuggerAddress: localhost:51909}, javascriptEnabled: true, networkConnectionEnabled: false, pageLoadStrategy: normal, platform: WINDOWS, platformName: WINDOWS, proxy: Proxy(), setWindowRect: true, strictFileInteractability: false, timeouts: {implicit: 0, pageLoad: 300000, script: 30000}, unhandledPromptBehavior: dismiss and notify, webauthn:virtualAuthenticators: true}
Session ID: 72f5895612e773b5273ee705984ac84f
	at org.openqa.selenium.remote.http.W3CHttpResponseCodec.createException(W3CHttpResponseCodec.java:187)
	at org.openqa.selenium.remote.http.W3CHttpResponseCodec.decode(W3CHttpResponseCodec.java:122)
	at org.openqa.selenium.remote.http.W3CHttpResponseCodec.decode(W3CHttpResponseCodec.java:49)
	at org.openqa.selenium.remote.HttpCommandExecutor.execute(HttpCommandExecutor.java:158)
	at org.openqa.selenium.remote.service.DriverCommandExecutor.execute(DriverCommandExecutor.java:83)
	at org.openqa.selenium.remote.RemoteWebDriver.execute(RemoteWebDriver.java:552)
	at com.kms.katalon.selenium.driver.CChromeDriver.execute(CChromeDriver.java:19)
	at org.openqa.selenium.remote.RemoteWebElement.execute(RemoteWebElement.java:285)
	at org.openqa.selenium.remote.RemoteWebElement.sendKeys(RemoteWebElement.java:106)
	at org.openqa.selenium.support.events.EventFiringWebDriver$EventFiringWebElement.lambda$new$0(EventFiringWebDriver.java:404)
	at com.sun.proxy.$Proxy10.sendKeys(Unknown Source)
	at org.openqa.selenium.support.events.EventFiringWebDriver$EventFiringWebElement.sendKeys(EventFiringWebDriver.java:429)
	at com.kms.katalon.core.webui.keyword.builtin.SendKeysKeyword$_sendKeys_closure1.doCall(SendKeysKeyword.groovy:53)
	at com.kms.katalon.core.webui.keyword.builtin.SendKeysKeyword$_sendKeys_closure1.call(SendKeysKeyword.groovy)
	at com.kms.katalon.core.webui.keyword.internal.WebUIKeywordMain.runKeyword(WebUIKeywordMain.groovy:20)
	... 19 more
"/>
         <system-out><![CDATA[2020-05-21 11:05:38 - [TEST_CASE][FAILED] - Test Cases/IA-integration: Test Cases/IA-integration FAILED.
Reason:
com.kms.katalon.core.exception.StepFailedException: Unable to send keys 'îî' to object 'Object Repository/Acquereur/Page_IAD/input_ADRESSE_mat-input-7'
	at com.kms.katalon.core.webui.keyword.internal.WebUIKeywordMain.stepFailed(WebUIKeywordMain.groovy:64)
	at com.kms.katalon.core.webui.keyword.internal.WebUIKeywordMain.runKeyword(WebUIKeywordMain.groovy:26)
	at com.kms.katalon.core.webui.keyword.builtin.SendKeysKeyword.sendKeys(SendKeysKeyword.groovy:60)
	at com.kms.katalon.core.webui.keyword.builtin.SendKeysKeyword.execute(SendKeysKeyword.groovy:38)
	at com.kms.katalon.core.keyword.internal.KeywordExecutor.executeKeywordForPlatform(KeywordExecutor.groovy:72)
	at com.kms.katalon.core.webui.keyword.WebUiBuiltInKeywords.sendKeys(WebUiBuiltInKeywords.groovy:860)
	at com.kms.katalon.core.webui.keyword.WebUiBuiltInKeywords$sendKeys$6.call(Unknown Source)
	at IA-integration.run(IA-integration:108)
	at com.kms.katalon.core.main.ScriptEngine.run(ScriptEngine.java:194)
	at com.kms.katalon.core.main.ScriptEngine.runScriptAsRawText(ScriptEngine.java:119)
	at com.kms.katalon.core.main.TestCaseExecutor.runScript(TestCaseExecutor.java:337)
	at com.kms.katalon.core.main.TestCaseExecutor.doExecute(TestCaseExecutor.java:328)
	at com.kms.katalon.core.main.TestCaseExecutor.processExecutionPhase(TestCaseExecutor.java:307)
	at com.kms.katalon.core.main.TestCaseExecutor.accessMainPhase(TestCaseExecutor.java:299)
	at com.kms.katalon.core.main.TestCaseExecutor.execute(TestCaseExecutor.java:233)
	at com.kms.katalon.core.main.TestSuiteExecutor.accessTestCaseMainPhase(TestSuiteExecutor.java:169)
	at com.kms.katalon.core.main.TestSuiteExecutor.accessTestSuiteMainPhase(TestSuiteExecutor.java:142)
	at com.kms.katalon.core.main.TestSuiteExecutor.execute(TestSuiteExecutor.java:91)
	at com.kms.katalon.core.main.TestCaseMain.startTestSuite(TestCaseMain.java:157)
	at com.kms.katalon.core.main.TestCaseMain$startTestSuite$0.call(Unknown Source)
	at TempTestSuite1590058915303.run(TempTestSuite1590058915303.groovy:37)
Caused by: org.openqa.selenium.WebDriverException: chrome not reachable
  (Session info: chrome=81.0.4044.138)
Build info: version: '3.141.59', revision: 'e82be7d358', time: '2018-11-14T08:25:53'
System info: host: 'DESKTOP-9BRT4J2', ip: '192.168.0.107', os.name: 'Windows 10', os.arch: 'amd64', os.version: '10.0', java.version: '1.8.0_181'
Driver info: com.kms.katalon.selenium.driver.CChromeDriver
Capabilities {acceptInsecureCerts: false, browserName: chrome, browserVersion: 81.0.4044.138, chrome: {chromedriverVersion: 81.0.4044.138 (8c6c7ba89cc9..., userDataDir: C:\Users\nezha.e\AppData\Lo...}, goog:chromeOptions: {debuggerAddress: localhost:51909}, javascriptEnabled: true, networkConnectionEnabled: false, pageLoadStrategy: normal, platform: WINDOWS, platformName: WINDOWS, proxy: Proxy(), setWindowRect: true, strictFileInteractability: false, timeouts: {implicit: 0, pageLoad: 300000, script: 30000}, unhandledPromptBehavior: dismiss and notify, webauthn:virtualAuthenticators: true}
Session ID: 72f5895612e773b5273ee705984ac84f
	at org.openqa.selenium.remote.http.W3CHttpResponseCodec.createException(W3CHttpResponseCodec.java:187)
	at org.openqa.selenium.remote.http.W3CHttpResponseCodec.decode(W3CHttpResponseCodec.java:122)
	at org.openqa.selenium.remote.http.W3CHttpResponseCodec.decode(W3CHttpResponseCodec.java:49)
	at org.openqa.selenium.remote.HttpCommandExecutor.execute(HttpCommandExecutor.java:158)
	at org.openqa.selenium.remote.service.DriverCommandExecutor.execute(DriverCommandExecutor.java:83)
	at org.openqa.selenium.remote.RemoteWebDriver.execute(RemoteWebDriver.java:552)
	at com.kms.katalon.selenium.driver.CChromeDriver.execute(CChromeDriver.java:19)
	at org.openqa.selenium.remote.RemoteWebElement.execute(RemoteWebElement.java:285)
	at org.openqa.selenium.remote.RemoteWebElement.sendKeys(RemoteWebElement.java:106)
	at org.openqa.selenium.support.events.EventFiringWebDriver$EventFiringWebElement.lambda$new$0(EventFiringWebDriver.java:404)
	at com.sun.proxy.$Proxy10.sendKeys(Unknown Source)
	at org.openqa.selenium.support.events.EventFiringWebDriver$EventFiringWebElement.sendKeys(EventFiringWebDriver.java:429)
	at com.kms.katalon.core.webui.keyword.builtin.SendKeysKeyword$_sendKeys_closure1.doCall(SendKeysKeyword.groovy:53)
	at com.kms.katalon.core.webui.keyword.builtin.SendKeysKeyword$_sendKeys_closure1.call(SendKeysKeyword.groovy)
	at com.kms.katalon.core.webui.keyword.internal.WebUIKeywordMain.runKeyword(WebUIKeywordMain.groovy:20)
	... 19 more


2020-05-21 11:05:38 - [TEST_STEP][NOT_RUN] - callTestCase(findTestCase("CrÃ©ation projet"), [:], STOP_ON_FAILURE): NOT_RUN: callTestCase(findTestCase("CrÃ©ation projet"), [:], STOP_ON_FAILURE)

2020-05-21 11:05:38 - [MESSAGE][NOT_RUN] - NOT_RUN: callTestCase(findTestCase("CrÃ©ation projet"), [:], STOP_ON_FAILURE)

2020-05-21 11:05:38 - [TEST_STEP][PASSED] - click(findTestObject("Object Repository/Creation IA/Page_IAD/div_1474169Projet  Emelie02042020 AchatHabi_9dbb01")): Object: 'Object Repository/Creation IA/Page_IAD/div_1474169Projet  Emelie02042020 AchatHabi_9dbb01' is clicked on

2020-05-21 11:05:41 - [MESSAGE][PASSED] - Object: 'Object Repository/Creation IA/Page_IAD/div_1474169Projet  Emelie02042020 AchatHabi_9dbb01' is clicked on

2020-05-21 11:05:41 - [TEST_STEP][PASSED] - click(findTestObject("Object Repository/Creation IA/Page_IAD/div_Filtres_iad-list-item-title")): Object: 'Object Repository/Creation IA/Page_IAD/div_Filtres_iad-list-item-title' is clicked on

2020-05-21 11:05:43 - [MESSAGE][PASSED] - Object: 'Object Repository/Creation IA/Page_IAD/div_Filtres_iad-list-item-title' is clicked on

2020-05-21 11:05:43 - [TEST_STEP][PASSED] - click(findTestObject("Object Repository/Creation IA/Page_IAD/i_Parking_iad-nav-item-icon business_indica_151f79")): Object: 'Object Repository/Creation IA/Page_IAD/i_Parking_iad-nav-item-icon business_indica_151f79' is clicked on

2020-05-21 11:05:49 - [MESSAGE][PASSED] - Object: 'Object Repository/Creation IA/Page_IAD/i_Parking_iad-nav-item-icon business_indica_151f79' is clicked on

2020-05-21 11:05:49 - [TEST_STEP][PASSED] - click(findTestObject("Object Repository/Creation IA/Page_IAD/button_Indication daffaires")): Object: 'Object Repository/Creation IA/Page_IAD/button_Indication daffaires' is clicked on

2020-05-21 11:05:56 - [MESSAGE][PASSED] - Object: 'Object Repository/Creation IA/Page_IAD/button_Indication daffaires' is clicked on

2020-05-21 11:05:56 - [TEST_STEP][PASSED] - SeqAcq = Math.random() * 9 - 6: null

2020-05-21 11:05:56 - [TEST_STEP][PASSED] - seqAcq1 = SeqAcq * 1000: null

2020-05-21 11:05:56 - [TEST_STEP][PASSED] - jdAcq = seqAcq1: null

2020-05-21 11:05:56 - [TEST_STEP][PASSED] - jdAcquereur = $jdAcq: null

2020-05-21 11:05:56 - [TEST_STEP][PASSED] - getText(findTestObject("Acquereur/verif-modif/Page_IAD/div_Monsieur")): Text of object 'Object Repository/Acquereur/verif-modif/Page_IAD/div_Monsieur' is: 'Madame'

2020-05-21 11:05:59 - [MESSAGE][PASSED] - Text of object 'Object Repository/Acquereur/verif-modif/Page_IAD/div_Monsieur' is: 'Madame'

2020-05-21 11:05:59 - [TEST_STEP][PASSED] - Nom = "Acquereur1" + jdAcquereur: null

2020-05-21 11:05:59 - [TEST_STEP][PASSED] - setText(findTestObject("Acquereur/verif-modif/Page_IAD/input_concat(Prnom de l  acqureur)_mat-input-3"), Nom): Text 'Acquereur11624' is set on object 'Object Repository/Acquereur/verif-modif/Page_IAD/input_concat(Prnom de l  acqureur)_mat-input-3'

2020-05-21 11:06:04 - [MESSAGE][PASSED] - Text 'Acquereur11624' is set on object 'Object Repository/Acquereur/verif-modif/Page_IAD/input_concat(Prnom de l  acqureur)_mat-input-3'

2020-05-21 11:06:04 - [TEST_STEP][PASSED] - Prenom = "Acquereur2" + jdAcquereur: null

2020-05-21 11:06:04 - [TEST_STEP][PASSED] - setText(findTestObject("Acquereur/verif-modif/Page_IAD/input_Genre_mat-input-2"), Prenom): Text 'Acquereur21624' is set on object 'Object Repository/Acquereur/verif-modif/Page_IAD/input_Genre_mat-input-2'

2020-05-21 11:06:09 - [MESSAGE][PASSED] - Text 'Acquereur21624' is set on object 'Object Repository/Acquereur/verif-modif/Page_IAD/input_Genre_mat-input-2'

2020-05-21 11:06:09 - [TEST_STEP][PASSED] - setText(findTestObject("Acquereur/verif-modif/Page_IAD/input_ADRESSE_mat-input-7"), "FRANCE"): Text 'FRANCE' is set on object 'Object Repository/Acquereur/verif-modif/Page_IAD/input_ADRESSE_mat-input-7'

2020-05-21 11:06:14 - [MESSAGE][PASSED] - Text 'FRANCE' is set on object 'Object Repository/Acquereur/verif-modif/Page_IAD/input_ADRESSE_mat-input-7'

2020-05-21 11:06:14 - [TEST_STEP][PASSED] - delay(1): Delayed 1 second(s)

2020-05-21 11:06:15 - [MESSAGE][PASSED] - Delayed 1 second(s)

2020-05-21 11:06:15 - [TEST_STEP][PASSED] - sendKeys(findTestObject("Acquereur/verif-modif/Page_IAD/input_ADRESSE_mat-input-7"), Keys.chord(ARROW_DOWN)): Keys 'DOWN + ' sent to object: 'Object Repository/Acquereur/verif-modif/Page_IAD/input_ADRESSE_mat-input-7'

2020-05-21 11:06:17 - [MESSAGE][PASSED] - Keys 'DOWN + ' sent to object: 'Object Repository/Acquereur/verif-modif/Page_IAD/input_ADRESSE_mat-input-7'

2020-05-21 11:06:17 - [TEST_STEP][PASSED] - sendKeys(findTestObject("Acquereur/verif-modif/Page_IAD/input_ADRESSE_mat-input-7"), Keys.chord(ENTER)): Keys 'ENTER + ' sent to object: 'Object Repository/Acquereur/verif-modif/Page_IAD/input_ADRESSE_mat-input-7'

2020-05-21 11:06:20 - [MESSAGE][PASSED] - Keys 'ENTER + ' sent to object: 'Object Repository/Acquereur/verif-modif/Page_IAD/input_ADRESSE_mat-input-7'

2020-05-21 11:06:20 - [TEST_STEP][PASSED] - delay(5): Delayed 5 second(s)

2020-05-21 11:06:25 - [MESSAGE][PASSED] - Delayed 5 second(s)

2020-05-21 11:06:25 - [TEST_STEP][PASSED] - setText(findTestObject("Acquereur/verif-modif/Page_IAD/input_Pays_1589990366660"), "a"): Text 'a' is set on object 'Object Repository/Acquereur/verif-modif/Page_IAD/input_Pays_1589990366660'

2020-05-21 11:06:30 - [MESSAGE][PASSED] - Text 'a' is set on object 'Object Repository/Acquereur/verif-modif/Page_IAD/input_Pays_1589990366660'

2020-05-21 11:06:30 - [TEST_STEP][PASSED] - delay(1): Delayed 1 second(s)

2020-05-21 11:06:31 - [MESSAGE][PASSED] - Delayed 1 second(s)

2020-05-21 11:06:31 - [TEST_STEP][PASSED] - sendKeys(findTestObject("Acquereur/verif-modif/Page_IAD/input_Pays_1589990366660"), Keys.chord(ARROW_DOWN)): Keys 'DOWN + ' sent to object: 'Object Repository/Acquereur/verif-modif/Page_IAD/input_Pays_1589990366660'

2020-05-21 11:06:33 - [MESSAGE][PASSED] - Keys 'DOWN + ' sent to object: 'Object Repository/Acquereur/verif-modif/Page_IAD/input_Pays_1589990366660'

2020-05-21 11:06:33 - [TEST_STEP][PASSED] - sendKeys(findTestObject("Acquereur/verif-modif/Page_IAD/input_Pays_1589990366660"), Keys.chord(ENTER)): Keys 'ENTER + ' sent to object: 'Object Repository/Acquereur/verif-modif/Page_IAD/input_Pays_1589990366660'

2020-05-21 11:06:35 - [MESSAGE][PASSED] - Keys 'ENTER + ' sent to object: 'Object Repository/Acquereur/verif-modif/Page_IAD/input_Pays_1589990366660'

2020-05-21 11:06:35 - [TEST_STEP][PASSED] - delay(5): Delayed 5 second(s)

2020-05-21 11:06:40 - [MESSAGE][PASSED] - Delayed 5 second(s)

2020-05-21 11:06:40 - [TEST_STEP][PASSED] - emailAcq = "Acquereur3" + jdAcquereur + "@gmail.com": null

2020-05-21 11:06:40 - [TEST_STEP][PASSED] - setText(findTestObject("Acquereur/verif-modif/Page_IAD/input_INFORMATIONS COMPLMENTAIRES_mat-input-9"), emailAcq): Text 'Acquereur31624@gmail.com' is set on object 'Object Repository/Acquereur/verif-modif/Page_IAD/input_INFORMATIONS COMPLMENTAIRES_mat-input-9'

2020-05-21 11:06:45 - [MESSAGE][PASSED] - Text 'Acquereur31624@gmail.com' is set on object 'Object Repository/Acquereur/verif-modif/Page_IAD/input_INFORMATIONS COMPLMENTAIRES_mat-input-9'

2020-05-21 11:06:45 - [TEST_STEP][PASSED] - SeqphoneAcq = Math.random() * 9 - 6: null

2020-05-21 11:06:45 - [TEST_STEP][PASSED] - ifseq1 = SeqphoneAcq: null

2020-05-21 11:06:45 - [TEST_STEP][PASSED] - if (ifseq1 == 0): null

2020-05-21 11:06:45 - [TEST_STEP][PASSED] - else: null

2020-05-21 11:06:45 - [TEST_STEP][PASSED] - SeqphoneAcq1 = SeqphoneAcq * 10000000: null

2020-05-21 11:06:45 - [TEST_STEP][PASSED] - phone6 = SeqphoneAcq1: null

2020-05-21 11:06:45 - [TEST_STEP][PASSED] - println(phone6): null

2020-05-21 11:06:45 - [TEST_STEP][PASSED] - setText(findTestObject("Acquereur/verif-modif/Page_IAD/input_E-mail invalide_mat-input-10"), "01" + phone6): Text '0118108501' is set on object 'Object Repository/Acquereur/verif-modif/Page_IAD/input_E-mail invalide_mat-input-10'

2020-05-21 11:06:50 - [MESSAGE][PASSED] - Text '0118108501' is set on object 'Object Repository/Acquereur/verif-modif/Page_IAD/input_E-mail invalide_mat-input-10'

2020-05-21 11:06:50 - [TEST_STEP][PASSED] - click(findTestObject("Acquereur/Page_IAD/mat-icon_Test255_bi-avatar-icon mat-icon notranslate fas fa-plus-circle mat-icon-no-color")): Object: 'Object Repository/Acquereur/Page_IAD/mat-icon_Test255_bi-avatar-icon mat-icon notranslate fas fa-plus-circle mat-icon-no-color' is clicked on

2020-05-21 11:06:53 - [MESSAGE][PASSED] - Object: 'Object Repository/Acquereur/Page_IAD/mat-icon_Test255_bi-avatar-icon mat-icon notranslate fas fa-plus-circle mat-icon-no-color' is clicked on

2020-05-21 11:06:53 - [TEST_STEP][PASSED] - click(findTestObject("Acquereur/verif-modif/Page_IAD/span_Confirmer")): Object: 'Object Repository/Acquereur/verif-modif/Page_IAD/span_Confirmer' is clicked on

2020-05-21 11:06:55 - [MESSAGE][PASSED] - Object: 'Object Repository/Acquereur/verif-modif/Page_IAD/span_Confirmer' is clicked on

2020-05-21 11:06:55 - [TEST_STEP][PASSED] - click(findTestObject("Acquereur/Page_IAD/span_Genre")): Object: 'Object Repository/Acquereur/Page_IAD/span_Genre' is clicked on

2020-05-21 11:07:00 - [MESSAGE][PASSED] - Object: 'Object Repository/Acquereur/Page_IAD/span_Genre' is clicked on

2020-05-21 11:07:00 - [TEST_STEP][PASSED] - click(findTestObject("Acquereur/Page_IAD/span_Madame")): Object: 'Object Repository/Acquereur/Page_IAD/span_Madame' is clicked on

2020-05-21 11:07:03 - [MESSAGE][PASSED] - Object: 'Object Repository/Acquereur/Page_IAD/span_Madame' is clicked on

2020-05-21 11:07:03 - [TEST_STEP][PASSED] - NomAcq2 = "AcquAdd1" + jdAcquereur: null

2020-05-21 11:07:03 - [TEST_STEP][PASSED] - setText(findTestObject("Acquereur/Page_IAD/input_Genre_mat-input-2"), NomAcq2): Text 'AcquAdd11624' is set on object 'Object Repository/Acquereur/Page_IAD/input_Genre_mat-input-2'

2020-05-21 11:07:08 - [MESSAGE][PASSED] - Text 'AcquAdd11624' is set on object 'Object Repository/Acquereur/Page_IAD/input_Genre_mat-input-2'

2020-05-21 11:07:08 - [TEST_STEP][PASSED] - PrenomAcq2 = "AcquAdd2" + jdAcquereur: null

2020-05-21 11:07:08 - [TEST_STEP][PASSED] - setText(findTestObject("Acquereur/Page_IAD/input_concat(Prnom de l  acqureur)_mat-input-3"), PrenomAcq2): Text 'AcquAdd21624' is set on object 'Object Repository/Acquereur/Page_IAD/input_concat(Prnom de l  acqureur)_mat-input-3'

2020-05-21 11:07:13 - [MESSAGE][PASSED] - Text 'AcquAdd21624' is set on object 'Object Repository/Acquereur/Page_IAD/input_concat(Prnom de l  acqureur)_mat-input-3'

2020-05-21 11:07:13 - [TEST_STEP][PASSED] - setText(findTestObject("Acquereur/Page_IAD/input_ADRESSE_mat-input-7"), "France"): Text 'France' is set on object 'Object Repository/Acquereur/Page_IAD/input_ADRESSE_mat-input-7'

2020-05-21 11:07:18 - [MESSAGE][PASSED] - Text 'France' is set on object 'Object Repository/Acquereur/Page_IAD/input_ADRESSE_mat-input-7'

2020-05-21 11:07:18 - [TEST_STEP][PASSED] - delay(1): Delayed 1 second(s)

2020-05-21 11:07:19 - [MESSAGE][PASSED] - Delayed 1 second(s)

2020-05-21 11:07:19 - [TEST_STEP][FAILED] - sendKeys(findTestObject("Acquereur/Page_IAD/input_ADRESSE_mat-input-7"), Keys.chord(ARROW_DOWN)): Unable to send keys 'îî' to object 'Object Repository/Acquereur/Page_IAD/input_ADRESSE_mat-input-7' (Root cause: com.kms.katalon.core.exception.StepFailedException: Unable to send keys 'îî' to object 'Object Repository/Acquereur/Page_IAD/input_ADRESSE_mat-input-7'
	at com.kms.katalon.core.webui.keyword.internal.WebUIKeywordMain.stepFailed(WebUIKeywordMain.groovy:64)
	at com.kms.katalon.core.webui.keyword.internal.WebUIKeywordMain.runKeyword(WebUIKeywordMain.groovy:26)
	at com.kms.katalon.core.webui.keyword.builtin.SendKeysKeyword.sendKeys(SendKeysKeyword.groovy:60)
	at com.kms.katalon.core.webui.keyword.builtin.SendKeysKeyword.execute(SendKeysKeyword.groovy:38)
	at com.kms.katalon.core.keyword.internal.KeywordExecutor.executeKeywordForPlatform(KeywordExecutor.groovy:72)
	at com.kms.katalon.core.webui.keyword.WebUiBuiltInKeywords.sendKeys(WebUiBuiltInKeywords.groovy:860)
	at com.kms.katalon.core.webui.keyword.WebUiBuiltInKeywords$sendKeys$6.call(Unknown Source)
	at IA-integration.run(IA-integration:108)
	at com.kms.katalon.core.main.ScriptEngine.run(ScriptEngine.java:194)
	at com.kms.katalon.core.main.ScriptEngine.runScriptAsRawText(ScriptEngine.java:119)
	at com.kms.katalon.core.main.TestCaseExecutor.runScript(TestCaseExecutor.java:337)
	at com.kms.katalon.core.main.TestCaseExecutor.doExecute(TestCaseExecutor.java:328)
	at com.kms.katalon.core.main.TestCaseExecutor.processExecutionPhase(TestCaseExecutor.java:307)
	at com.kms.katalon.core.main.TestCaseExecutor.accessMainPhase(TestCaseExecutor.java:299)
	at com.kms.katalon.core.main.TestCaseExecutor.execute(TestCaseExecutor.java:233)
	at com.kms.katalon.core.main.TestSuiteExecutor.accessTestCaseMainPhase(TestSuiteExecutor.java:169)
	at com.kms.katalon.core.main.TestSuiteExecutor.accessTestSuiteMainPhase(TestSuiteExecutor.java:142)
	at com.kms.katalon.core.main.TestSuiteExecutor.execute(TestSuiteExecutor.java:91)
	at com.kms.katalon.core.main.TestCaseMain.startTestSuite(TestCaseMain.java:157)
	at com.kms.katalon.core.main.TestCaseMain$startTestSuite$0.call(Unknown Source)
	at TempTestSuite1590058915303.run(TempTestSuite1590058915303.groovy:37)
Caused by: org.openqa.selenium.WebDriverException: chrome not reachable
  (Session info: chrome=81.0.4044.138)
Build info: version: '3.141.59', revision: 'e82be7d358', time: '2018-11-14T08:25:53'
System info: host: 'DESKTOP-9BRT4J2', ip: '192.168.0.107', os.name: 'Windows 10', os.arch: 'amd64', os.version: '10.0', java.version: '1.8.0_181'
Driver info: com.kms.katalon.selenium.driver.CChromeDriver
Capabilities {acceptInsecureCerts: false, browserName: chrome, browserVersion: 81.0.4044.138, chrome: {chromedriverVersion: 81.0.4044.138 (8c6c7ba89cc9..., userDataDir: C:\Users\nezha.e\AppData\Lo...}, goog:chromeOptions: {debuggerAddress: localhost:51909}, javascriptEnabled: true, networkConnectionEnabled: false, pageLoadStrategy: normal, platform: WINDOWS, platformName: WINDOWS, proxy: Proxy(), setWindowRect: true, strictFileInteractability: false, timeouts: {implicit: 0, pageLoad: 300000, script: 30000}, unhandledPromptBehavior: dismiss and notify, webauthn:virtualAuthenticators: true}
Session ID: 72f5895612e773b5273ee705984ac84f
	at org.openqa.selenium.remote.http.W3CHttpResponseCodec.createException(W3CHttpResponseCodec.java:187)
	at org.openqa.selenium.remote.http.W3CHttpResponseCodec.decode(W3CHttpResponseCodec.java:122)
	at org.openqa.selenium.remote.http.W3CHttpResponseCodec.decode(W3CHttpResponseCodec.java:49)
	at org.openqa.selenium.remote.HttpCommandExecutor.execute(HttpCommandExecutor.java:158)
	at org.openqa.selenium.remote.service.DriverCommandExecutor.execute(DriverCommandExecutor.java:83)
	at org.openqa.selenium.remote.RemoteWebDriver.execute(RemoteWebDriver.java:552)
	at com.kms.katalon.selenium.driver.CChromeDriver.execute(CChromeDriver.java:19)
	at org.openqa.selenium.remote.RemoteWebElement.execute(RemoteWebElement.java:285)
	at org.openqa.selenium.remote.RemoteWebElement.sendKeys(RemoteWebElement.java:106)
	at org.openqa.selenium.support.events.EventFiringWebDriver$EventFiringWebElement.lambda$new$0(EventFiringWebDriver.java:404)
	at com.sun.proxy.$Proxy10.sendKeys(Unknown Source)
	at org.openqa.selenium.support.events.EventFiringWebDriver$EventFiringWebElement.sendKeys(EventFiringWebDriver.java:429)
	at com.kms.katalon.core.webui.keyword.builtin.SendKeysKeyword$_sendKeys_closure1.doCall(SendKeysKeyword.groovy:53)
	at com.kms.katalon.core.webui.keyword.builtin.SendKeysKeyword$_sendKeys_closure1.call(SendKeysKeyword.groovy)
	at com.kms.katalon.core.webui.keyword.internal.WebUIKeywordMain.runKeyword(WebUIKeywordMain.groovy:20)
	at com.kms.katalon.core.webui.keyword.builtin.SendKeysKeyword.sendKeys(SendKeysKeyword.groovy:60)
	at com.kms.katalon.core.webui.keyword.builtin.SendKeysKeyword.execute(SendKeysKeyword.groovy:38)
	at com.kms.katalon.core.keyword.internal.KeywordExecutor.executeKeywordForPlatform(KeywordExecutor.groovy:72)
	at com.kms.katalon.core.webui.keyword.WebUiBuiltInKeywords.sendKeys(WebUiBuiltInKeywords.groovy:860)
	at com.kms.katalon.core.webui.keyword.WebUiBuiltInKeywords$sendKeys$6.call(Unknown Source)
	at Script1589979671703.run(Script1589979671703.groovy:108)
	... 13 more
)

2020-05-21 11:07:45 - [MESSAGE][WARNING] - Cannot take screenshot

2020-05-21 11:07:45 - [MESSAGE][FAILED] - Unable to send keys 'îî' to object 'Object Repository/Acquereur/Page_IAD/input_ADRESSE_mat-input-7' (Root cause: com.kms.katalon.core.exception.StepFailedException: Unable to send keys 'îî' to object 'Object Repository/Acquereur/Page_IAD/input_ADRESSE_mat-input-7'
	at com.kms.katalon.core.webui.keyword.internal.WebUIKeywordMain.stepFailed(WebUIKeywordMain.groovy:64)
	at com.kms.katalon.core.webui.keyword.internal.WebUIKeywordMain.runKeyword(WebUIKeywordMain.groovy:26)
	at com.kms.katalon.core.webui.keyword.builtin.SendKeysKeyword.sendKeys(SendKeysKeyword.groovy:60)
	at com.kms.katalon.core.webui.keyword.builtin.SendKeysKeyword.execute(SendKeysKeyword.groovy:38)
	at com.kms.katalon.core.keyword.internal.KeywordExecutor.executeKeywordForPlatform(KeywordExecutor.groovy:72)
	at com.kms.katalon.core.webui.keyword.WebUiBuiltInKeywords.sendKeys(WebUiBuiltInKeywords.groovy:860)
	at com.kms.katalon.core.webui.keyword.WebUiBuiltInKeywords$sendKeys$6.call(Unknown Source)
	at IA-integration.run(IA-integration:108)
	at com.kms.katalon.core.main.ScriptEngine.run(ScriptEngine.java:194)
	at com.kms.katalon.core.main.ScriptEngine.runScriptAsRawText(ScriptEngine.java:119)
	at com.kms.katalon.core.main.TestCaseExecutor.runScript(TestCaseExecutor.java:337)
	at com.kms.katalon.core.main.TestCaseExecutor.doExecute(TestCaseExecutor.java:328)
	at com.kms.katalon.core.main.TestCaseExecutor.processExecutionPhase(TestCaseExecutor.java:307)
	at com.kms.katalon.core.main.TestCaseExecutor.accessMainPhase(TestCaseExecutor.java:299)
	at com.kms.katalon.core.main.TestCaseExecutor.execute(TestCaseExecutor.java:233)
	at com.kms.katalon.core.main.TestSuiteExecutor.accessTestCaseMainPhase(TestSuiteExecutor.java:169)
	at com.kms.katalon.core.main.TestSuiteExecutor.accessTestSuiteMainPhase(TestSuiteExecutor.java:142)
	at com.kms.katalon.core.main.TestSuiteExecutor.execute(TestSuiteExecutor.java:91)
	at com.kms.katalon.core.main.TestCaseMain.startTestSuite(TestCaseMain.java:157)
	at com.kms.katalon.core.main.TestCaseMain$startTestSuite$0.call(Unknown Source)
	at TempTestSuite1590058915303.run(TempTestSuite1590058915303.groovy:37)
Caused by: org.openqa.selenium.WebDriverException: chrome not reachable
  (Session info: chrome=81.0.4044.138)
Build info: version: '3.141.59', revision: 'e82be7d358', time: '2018-11-14T08:25:53'
System info: host: 'DESKTOP-9BRT4J2', ip: '192.168.0.107', os.name: 'Windows 10', os.arch: 'amd64', os.version: '10.0', java.version: '1.8.0_181'
Driver info: com.kms.katalon.selenium.driver.CChromeDriver
Capabilities {acceptInsecureCerts: false, browserName: chrome, browserVersion: 81.0.4044.138, chrome: {chromedriverVersion: 81.0.4044.138 (8c6c7ba89cc9..., userDataDir: C:\Users\nezha.e\AppData\Lo...}, goog:chromeOptions: {debuggerAddress: localhost:51909}, javascriptEnabled: true, networkConnectionEnabled: false, pageLoadStrategy: normal, platform: WINDOWS, platformName: WINDOWS, proxy: Proxy(), setWindowRect: true, strictFileInteractability: false, timeouts: {implicit: 0, pageLoad: 300000, script: 30000}, unhandledPromptBehavior: dismiss and notify, webauthn:virtualAuthenticators: true}
Session ID: 72f5895612e773b5273ee705984ac84f
	at org.openqa.selenium.remote.http.W3CHttpResponseCodec.createException(W3CHttpResponseCodec.java:187)
	at org.openqa.selenium.remote.http.W3CHttpResponseCodec.decode(W3CHttpResponseCodec.java:122)
	at org.openqa.selenium.remote.http.W3CHttpResponseCodec.decode(W3CHttpResponseCodec.java:49)
	at org.openqa.selenium.remote.HttpCommandExecutor.execute(HttpCommandExecutor.java:158)
	at org.openqa.selenium.remote.service.DriverCommandExecutor.execute(DriverCommandExecutor.java:83)
	at org.openqa.selenium.remote.RemoteWebDriver.execute(RemoteWebDriver.java:552)
	at com.kms.katalon.selenium.driver.CChromeDriver.execute(CChromeDriver.java:19)
	at org.openqa.selenium.remote.RemoteWebElement.execute(RemoteWebElement.java:285)
	at org.openqa.selenium.remote.RemoteWebElement.sendKeys(RemoteWebElement.java:106)
	at org.openqa.selenium.support.events.EventFiringWebDriver$EventFiringWebElement.lambda$new$0(EventFiringWebDriver.java:404)
	at com.sun.proxy.$Proxy10.sendKeys(Unknown Source)
	at org.openqa.selenium.support.events.EventFiringWebDriver$EventFiringWebElement.sendKeys(EventFiringWebDriver.java:429)
	at com.kms.katalon.core.webui.keyword.builtin.SendKeysKeyword$_sendKeys_closure1.doCall(SendKeysKeyword.groovy:53)
	at com.kms.katalon.core.webui.keyword.builtin.SendKeysKeyword$_sendKeys_closure1.call(SendKeysKeyword.groovy)
	at com.kms.katalon.core.webui.keyword.internal.WebUIKeywordMain.runKeyword(WebUIKeywordMain.groovy:20)
	at com.kms.katalon.core.webui.keyword.builtin.SendKeysKeyword.sendKeys(SendKeysKeyword.groovy:60)
	at com.kms.katalon.core.webui.keyword.builtin.SendKeysKeyword.execute(SendKeysKeyword.groovy:38)
	at com.kms.katalon.core.keyword.internal.KeywordExecutor.executeKeywordForPlatform(KeywordExecutor.groovy:72)
	at com.kms.katalon.core.webui.keyword.WebUiBuiltInKeywords.sendKeys(WebUiBuiltInKeywords.groovy:860)
	at com.kms.katalon.core.webui.keyword.WebUiBuiltInKeywords$sendKeys$6.call(Unknown Source)
	at Script1589979671703.run(Script1589979671703.groovy:108)
	... 13 more
)]]></system-out>
         <system-err><![CDATA[2020-05-21 11:05:38 - [TEST_CASE][FAILED] - Test Cases/IA-integration: Test Cases/IA-integration FAILED.
Reason:
com.kms.katalon.core.exception.StepFailedException: Unable to send keys 'îî' to object 'Object Repository/Acquereur/Page_IAD/input_ADRESSE_mat-input-7'
	at com.kms.katalon.core.webui.keyword.internal.WebUIKeywordMain.stepFailed(WebUIKeywordMain.groovy:64)
	at com.kms.katalon.core.webui.keyword.internal.WebUIKeywordMain.runKeyword(WebUIKeywordMain.groovy:26)
	at com.kms.katalon.core.webui.keyword.builtin.SendKeysKeyword.sendKeys(SendKeysKeyword.groovy:60)
	at com.kms.katalon.core.webui.keyword.builtin.SendKeysKeyword.execute(SendKeysKeyword.groovy:38)
	at com.kms.katalon.core.keyword.internal.KeywordExecutor.executeKeywordForPlatform(KeywordExecutor.groovy:72)
	at com.kms.katalon.core.webui.keyword.WebUiBuiltInKeywords.sendKeys(WebUiBuiltInKeywords.groovy:860)
	at com.kms.katalon.core.webui.keyword.WebUiBuiltInKeywords$sendKeys$6.call(Unknown Source)
	at IA-integration.run(IA-integration:108)
	at com.kms.katalon.core.main.ScriptEngine.run(ScriptEngine.java:194)
	at com.kms.katalon.core.main.ScriptEngine.runScriptAsRawText(ScriptEngine.java:119)
	at com.kms.katalon.core.main.TestCaseExecutor.runScript(TestCaseExecutor.java:337)
	at com.kms.katalon.core.main.TestCaseExecutor.doExecute(TestCaseExecutor.java:328)
	at com.kms.katalon.core.main.TestCaseExecutor.processExecutionPhase(TestCaseExecutor.java:307)
	at com.kms.katalon.core.main.TestCaseExecutor.accessMainPhase(TestCaseExecutor.java:299)
	at com.kms.katalon.core.main.TestCaseExecutor.execute(TestCaseExecutor.java:233)
	at com.kms.katalon.core.main.TestSuiteExecutor.accessTestCaseMainPhase(TestSuiteExecutor.java:169)
	at com.kms.katalon.core.main.TestSuiteExecutor.accessTestSuiteMainPhase(TestSuiteExecutor.java:142)
	at com.kms.katalon.core.main.TestSuiteExecutor.execute(TestSuiteExecutor.java:91)
	at com.kms.katalon.core.main.TestCaseMain.startTestSuite(TestCaseMain.java:157)
	at com.kms.katalon.core.main.TestCaseMain$startTestSuite$0.call(Unknown Source)
	at TempTestSuite1590058915303.run(TempTestSuite1590058915303.groovy:37)
Caused by: org.openqa.selenium.WebDriverException: chrome not reachable
  (Session info: chrome=81.0.4044.138)
Build info: version: '3.141.59', revision: 'e82be7d358', time: '2018-11-14T08:25:53'
System info: host: 'DESKTOP-9BRT4J2', ip: '192.168.0.107', os.name: 'Windows 10', os.arch: 'amd64', os.version: '10.0', java.version: '1.8.0_181'
Driver info: com.kms.katalon.selenium.driver.CChromeDriver
Capabilities {acceptInsecureCerts: false, browserName: chrome, browserVersion: 81.0.4044.138, chrome: {chromedriverVersion: 81.0.4044.138 (8c6c7ba89cc9..., userDataDir: C:\Users\nezha.e\AppData\Lo...}, goog:chromeOptions: {debuggerAddress: localhost:51909}, javascriptEnabled: true, networkConnectionEnabled: false, pageLoadStrategy: normal, platform: WINDOWS, platformName: WINDOWS, proxy: Proxy(), setWindowRect: true, strictFileInteractability: false, timeouts: {implicit: 0, pageLoad: 300000, script: 30000}, unhandledPromptBehavior: dismiss and notify, webauthn:virtualAuthenticators: true}
Session ID: 72f5895612e773b5273ee705984ac84f
	at org.openqa.selenium.remote.http.W3CHttpResponseCodec.createException(W3CHttpResponseCodec.java:187)
	at org.openqa.selenium.remote.http.W3CHttpResponseCodec.decode(W3CHttpResponseCodec.java:122)
	at org.openqa.selenium.remote.http.W3CHttpResponseCodec.decode(W3CHttpResponseCodec.java:49)
	at org.openqa.selenium.remote.HttpCommandExecutor.execute(HttpCommandExecutor.java:158)
	at org.openqa.selenium.remote.service.DriverCommandExecutor.execute(DriverCommandExecutor.java:83)
	at org.openqa.selenium.remote.RemoteWebDriver.execute(RemoteWebDriver.java:552)
	at com.kms.katalon.selenium.driver.CChromeDriver.execute(CChromeDriver.java:19)
	at org.openqa.selenium.remote.RemoteWebElement.execute(RemoteWebElement.java:285)
	at org.openqa.selenium.remote.RemoteWebElement.sendKeys(RemoteWebElement.java:106)
	at org.openqa.selenium.support.events.EventFiringWebDriver$EventFiringWebElement.lambda$new$0(EventFiringWebDriver.java:404)
	at com.sun.proxy.$Proxy10.sendKeys(Unknown Source)
	at org.openqa.selenium.support.events.EventFiringWebDriver$EventFiringWebElement.sendKeys(EventFiringWebDriver.java:429)
	at com.kms.katalon.core.webui.keyword.builtin.SendKeysKeyword$_sendKeys_closure1.doCall(SendKeysKeyword.groovy:53)
	at com.kms.katalon.core.webui.keyword.builtin.SendKeysKeyword$_sendKeys_closure1.call(SendKeysKeyword.groovy)
	at com.kms.katalon.core.webui.keyword.internal.WebUIKeywordMain.runKeyword(WebUIKeywordMain.groovy:20)
	... 19 more]]></system-err>
      </testcase>
      <system-out><![CDATA[2020-05-21 11:01:57 - [TEST_SUITE][FAILED] - Integration-IA-Contact: Test Cases/IA-integration FAILED.
Reason:
com.kms.katalon.core.exception.StepFailedException: Unable to send keys 'îî' to object 'Object Repository/Acquereur/Page_IAD/input_ADRESSE_mat-input-7'
	at com.kms.katalon.core.webui.keyword.internal.WebUIKeywordMain.stepFailed(WebUIKeywordMain.groovy:64)
	at com.kms.katalon.core.webui.keyword.internal.WebUIKeywordMain.runKeyword(WebUIKeywordMain.groovy:26)
	at com.kms.katalon.core.webui.keyword.builtin.SendKeysKeyword.sendKeys(SendKeysKeyword.groovy:60)
	at com.kms.katalon.core.webui.keyword.builtin.SendKeysKeyword.execute(SendKeysKeyword.groovy:38)
	at com.kms.katalon.core.keyword.internal.KeywordExecutor.executeKeywordForPlatform(KeywordExecutor.groovy:72)
	at com.kms.katalon.core.webui.keyword.WebUiBuiltInKeywords.sendKeys(WebUiBuiltInKeywords.groovy:860)
	at com.kms.katalon.core.webui.keyword.WebUiBuiltInKeywords$sendKeys$6.call(Unknown Source)
	at IA-integration.run(IA-integration:108)
	at com.kms.katalon.core.main.ScriptEngine.run(ScriptEngine.java:194)
	at com.kms.katalon.core.main.ScriptEngine.runScriptAsRawText(ScriptEngine.java:119)
	at com.kms.katalon.core.main.TestCaseExecutor.runScript(TestCaseExecutor.java:337)
	at com.kms.katalon.core.main.TestCaseExecutor.doExecute(TestCaseExecutor.java:328)
	at com.kms.katalon.core.main.TestCaseExecutor.processExecutionPhase(TestCaseExecutor.java:307)
	at com.kms.katalon.core.main.TestCaseExecutor.accessMainPhase(TestCaseExecutor.java:299)
	at com.kms.katalon.core.main.TestCaseExecutor.execute(TestCaseExecutor.java:233)
	at com.kms.katalon.core.main.TestSuiteExecutor.accessTestCaseMainPhase(TestSuiteExecutor.java:169)
	at com.kms.katalon.core.main.TestSuiteExecutor.accessTestSuiteMainPhase(TestSuiteExecutor.java:142)
	at com.kms.katalon.core.main.TestSuiteExecutor.execute(TestSuiteExecutor.java:91)
	at com.kms.katalon.core.main.TestCaseMain.startTestSuite(TestCaseMain.java:157)
	at com.kms.katalon.core.main.TestCaseMain$startTestSuite$0.call(Unknown Source)
	at TempTestSuite1590058915303.run(TempTestSuite1590058915303.groovy:37)
Caused by: org.openqa.selenium.WebDriverException: chrome not reachable
  (Session info: chrome=81.0.4044.138)
Build info: version: '3.141.59', revision: 'e82be7d358', time: '2018-11-14T08:25:53'
System info: host: 'DESKTOP-9BRT4J2', ip: '192.168.0.107', os.name: 'Windows 10', os.arch: 'amd64', os.version: '10.0', java.version: '1.8.0_181'
Driver info: com.kms.katalon.selenium.driver.CChromeDriver
Capabilities {acceptInsecureCerts: false, browserName: chrome, browserVersion: 81.0.4044.138, chrome: {chromedriverVersion: 81.0.4044.138 (8c6c7ba89cc9..., userDataDir: C:\Users\nezha.e\AppData\Lo...}, goog:chromeOptions: {debuggerAddress: localhost:51909}, javascriptEnabled: true, networkConnectionEnabled: false, pageLoadStrategy: normal, platform: WINDOWS, platformName: WINDOWS, proxy: Proxy(), setWindowRect: true, strictFileInteractability: false, timeouts: {implicit: 0, pageLoad: 300000, script: 30000}, unhandledPromptBehavior: dismiss and notify, webauthn:virtualAuthenticators: true}
Session ID: 72f5895612e773b5273ee705984ac84f
	at org.openqa.selenium.remote.http.W3CHttpResponseCodec.createException(W3CHttpResponseCodec.java:187)
	at org.openqa.selenium.remote.http.W3CHttpResponseCodec.decode(W3CHttpResponseCodec.java:122)
	at org.openqa.selenium.remote.http.W3CHttpResponseCodec.decode(W3CHttpResponseCodec.java:49)
	at org.openqa.selenium.remote.HttpCommandExecutor.execute(HttpCommandExecutor.java:158)
	at org.openqa.selenium.remote.service.DriverCommandExecutor.execute(DriverCommandExecutor.java:83)
	at org.openqa.selenium.remote.RemoteWebDriver.execute(RemoteWebDriver.java:552)
	at com.kms.katalon.selenium.driver.CChromeDriver.execute(CChromeDriver.java:19)
	at org.openqa.selenium.remote.RemoteWebElement.execute(RemoteWebElement.java:285)
	at org.openqa.selenium.remote.RemoteWebElement.sendKeys(RemoteWebElement.java:106)
	at org.openqa.selenium.support.events.EventFiringWebDriver$EventFiringWebElement.lambda$new$0(EventFiringWebDriver.java:404)
	at com.sun.proxy.$Proxy10.sendKeys(Unknown Source)
	at org.openqa.selenium.support.events.EventFiringWebDriver$EventFiringWebElement.sendKeys(EventFiringWebDriver.java:429)
	at com.kms.katalon.core.webui.keyword.builtin.SendKeysKeyword$_sendKeys_closure1.doCall(SendKeysKeyword.groovy:53)
	at com.kms.katalon.core.webui.keyword.builtin.SendKeysKeyword$_sendKeys_closure1.call(SendKeysKeyword.groovy)
	at com.kms.katalon.core.webui.keyword.internal.WebUIKeywordMain.runKeyword(WebUIKeywordMain.groovy:20)
	... 19 more]]></system-out>
      <system-err><![CDATA[2020-05-21 11:01:57 - [TEST_SUITE][FAILED] - Integration-IA-Contact: Test Cases/IA-integration FAILED.
Reason:
com.kms.katalon.core.exception.StepFailedException: Unable to send keys 'îî' to object 'Object Repository/Acquereur/Page_IAD/input_ADRESSE_mat-input-7'
	at com.kms.katalon.core.webui.keyword.internal.WebUIKeywordMain.stepFailed(WebUIKeywordMain.groovy:64)
	at com.kms.katalon.core.webui.keyword.internal.WebUIKeywordMain.runKeyword(WebUIKeywordMain.groovy:26)
	at com.kms.katalon.core.webui.keyword.builtin.SendKeysKeyword.sendKeys(SendKeysKeyword.groovy:60)
	at com.kms.katalon.core.webui.keyword.builtin.SendKeysKeyword.execute(SendKeysKeyword.groovy:38)
	at com.kms.katalon.core.keyword.internal.KeywordExecutor.executeKeywordForPlatform(KeywordExecutor.groovy:72)
	at com.kms.katalon.core.webui.keyword.WebUiBuiltInKeywords.sendKeys(WebUiBuiltInKeywords.groovy:860)
	at com.kms.katalon.core.webui.keyword.WebUiBuiltInKeywords$sendKeys$6.call(Unknown Source)
	at IA-integration.run(IA-integration:108)
	at com.kms.katalon.core.main.ScriptEngine.run(ScriptEngine.java:194)
	at com.kms.katalon.core.main.ScriptEngine.runScriptAsRawText(ScriptEngine.java:119)
	at com.kms.katalon.core.main.TestCaseExecutor.runScript(TestCaseExecutor.java:337)
	at com.kms.katalon.core.main.TestCaseExecutor.doExecute(TestCaseExecutor.java:328)
	at com.kms.katalon.core.main.TestCaseExecutor.processExecutionPhase(TestCaseExecutor.java:307)
	at com.kms.katalon.core.main.TestCaseExecutor.accessMainPhase(TestCaseExecutor.java:299)
	at com.kms.katalon.core.main.TestCaseExecutor.execute(TestCaseExecutor.java:233)
	at com.kms.katalon.core.main.TestSuiteExecutor.accessTestCaseMainPhase(TestSuiteExecutor.java:169)
	at com.kms.katalon.core.main.TestSuiteExecutor.accessTestSuiteMainPhase(TestSuiteExecutor.java:142)
	at com.kms.katalon.core.main.TestSuiteExecutor.execute(TestSuiteExecutor.java:91)
	at com.kms.katalon.core.main.TestCaseMain.startTestSuite(TestCaseMain.java:157)
	at com.kms.katalon.core.main.TestCaseMain$startTestSuite$0.call(Unknown Source)
	at TempTestSuite1590058915303.run(TempTestSuite1590058915303.groovy:37)
Caused by: org.openqa.selenium.WebDriverException: chrome not reachable
  (Session info: chrome=81.0.4044.138)
Build info: version: '3.141.59', revision: 'e82be7d358', time: '2018-11-14T08:25:53'
System info: host: 'DESKTOP-9BRT4J2', ip: '192.168.0.107', os.name: 'Windows 10', os.arch: 'amd64', os.version: '10.0', java.version: '1.8.0_181'
Driver info: com.kms.katalon.selenium.driver.CChromeDriver
Capabilities {acceptInsecureCerts: false, browserName: chrome, browserVersion: 81.0.4044.138, chrome: {chromedriverVersion: 81.0.4044.138 (8c6c7ba89cc9..., userDataDir: C:\Users\nezha.e\AppData\Lo...}, goog:chromeOptions: {debuggerAddress: localhost:51909}, javascriptEnabled: true, networkConnectionEnabled: false, pageLoadStrategy: normal, platform: WINDOWS, platformName: WINDOWS, proxy: Proxy(), setWindowRect: true, strictFileInteractability: false, timeouts: {implicit: 0, pageLoad: 300000, script: 30000}, unhandledPromptBehavior: dismiss and notify, webauthn:virtualAuthenticators: true}
Session ID: 72f5895612e773b5273ee705984ac84f
	at org.openqa.selenium.remote.http.W3CHttpResponseCodec.createException(W3CHttpResponseCodec.java:187)
	at org.openqa.selenium.remote.http.W3CHttpResponseCodec.decode(W3CHttpResponseCodec.java:122)
	at org.openqa.selenium.remote.http.W3CHttpResponseCodec.decode(W3CHttpResponseCodec.java:49)
	at org.openqa.selenium.remote.HttpCommandExecutor.execute(HttpCommandExecutor.java:158)
	at org.openqa.selenium.remote.service.DriverCommandExecutor.execute(DriverCommandExecutor.java:83)
	at org.openqa.selenium.remote.RemoteWebDriver.execute(RemoteWebDriver.java:552)
	at com.kms.katalon.selenium.driver.CChromeDriver.execute(CChromeDriver.java:19)
	at org.openqa.selenium.remote.RemoteWebElement.execute(RemoteWebElement.java:285)
	at org.openqa.selenium.remote.RemoteWebElement.sendKeys(RemoteWebElement.java:106)
	at org.openqa.selenium.support.events.EventFiringWebDriver$EventFiringWebElement.lambda$new$0(EventFiringWebDriver.java:404)
	at com.sun.proxy.$Proxy10.sendKeys(Unknown Source)
	at org.openqa.selenium.support.events.EventFiringWebDriver$EventFiringWebElement.sendKeys(EventFiringWebDriver.java:429)
	at com.kms.katalon.core.webui.keyword.builtin.SendKeysKeyword$_sendKeys_closure1.doCall(SendKeysKeyword.groovy:53)
	at com.kms.katalon.core.webui.keyword.builtin.SendKeysKeyword$_sendKeys_closure1.call(SendKeysKeyword.groovy)
	at com.kms.katalon.core.webui.keyword.internal.WebUIKeywordMain.runKeyword(WebUIKeywordMain.groovy:20)
	... 19 more]]></system-err>
   </testsuite>
</testsuites>
